<<<<<<< HEAD
2023/05/12 23:01:44 server.go:12: Failed to start server: listen tcp :8080: bind: address already in use
2023/05/12 23:04:14 server.go:12: Failed to start server: listen tcp :8080: bind: address already in use
2023/05/12 23:07:38 server.go:12: Failed to start server: listen tcp :8080: bind: address already in use
2023/05/12 23:31:10 server.go:13: Failed to start server: listen tcp :8080: bind: address already in use
2023/05/12 23:52:31 server.go:16: Failed to start server: listen tcp :8080: bind: address already in use
=======
2023/04/26 06:59:38 main.go:15: test
2023/04/26 07:07:06 main.go:16: test
2023/04/26 07:25:42 main.go:16: test
>>>>>>> origin/main
2023/05/13 17:10:42 server.go:3217: http: panic serving 127.0.0.1:61225: open app/views/templates/layour/html: no such file or directory
goroutine 36 [running]:
net/http.(*conn).serve.func1()
	/usr/local/go/src/net/http/server.go:1854 +0xb0
panic({0x105032360, 0x140001134a0})
	/usr/local/go/src/runtime/panic.go:890 +0x248
text/template.Must(...)
	/usr/local/go/src/text/template/helper.go:26
testing/todo_app/app/controllers.generateHTML({0x10507fdd0?, 0x1400019e000}, {0x10500ed20, 0x10507d0d8}, {0x14000135a08?, 0x2, 0x0?})
	/Users/hiroshiobata/dev/go-practice/todo_app/app/controllers/server.go:16 +0x1f0
testing/todo_app/app/controllers.Top({0x10507fdd0?, 0x1400019e000?}, 0x3b?)
	/Users/hiroshiobata/dev/go-practice/todo_app/app/controllers/route_main.go:8 +0x70
net/http.HandlerFunc.ServeHTTP(0x14000135ad8?, {0x10507fdd0?, 0x1400019e000?}, 0x10?)
	/usr/local/go/src/net/http/server.go:2122 +0x38
net/http.(*ServeMux).ServeHTTP(0x0?, {0x10507fdd0, 0x1400019e000}, 0x14000168100)
	/usr/local/go/src/net/http/server.go:2500 +0x13c
net/http.serverHandler.ServeHTTP({0x14000113380?}, {0x10507fdd0, 0x1400019e000}, 0x14000168100)
	/usr/local/go/src/net/http/server.go:2936 +0x2c0
net/http.(*conn).serve(0x1400017c090, {0x105080028, 0x14000113290})
	/usr/local/go/src/net/http/server.go:1995 +0x518
created by net/http.(*Server).Serve
	/usr/local/go/src/net/http/server.go:3089 +0x4e8
2023/05/13 17:10:42 server.go:3217: http: panic serving 127.0.0.1:61226: open app/views/templates/layour/html: no such file or directory
goroutine 38 [running]:
net/http.(*conn).serve.func1()
	/usr/local/go/src/net/http/server.go:1854 +0xb0
panic({0x105032360, 0x14000200090})
	/usr/local/go/src/runtime/panic.go:890 +0x248
text/template.Must(...)
	/usr/local/go/src/text/template/helper.go:26
testing/todo_app/app/controllers.generateHTML({0x10507fdd0?, 0x14000206000}, {0x10500ed20, 0x10507d0d8}, {0x14000054a08?, 0x2, 0x0?})
	/Users/hiroshiobata/dev/go-practice/todo_app/app/controllers/server.go:16 +0x1f0
testing/todo_app/app/controllers.Top({0x10507fdd0?, 0x14000206000?}, 0x3b?)
	/Users/hiroshiobata/dev/go-practice/todo_app/app/controllers/route_main.go:8 +0x70
net/http.HandlerFunc.ServeHTTP(0x14000054ad8?, {0x10507fdd0?, 0x14000206000?}, 0x10?)
	/usr/local/go/src/net/http/server.go:2122 +0x38
net/http.(*ServeMux).ServeHTTP(0x0?, {0x10507fdd0, 0x14000206000}, 0x14000168200)
	/usr/local/go/src/net/http/server.go:2500 +0x13c
net/http.serverHandler.ServeHTTP({0x14000113560?}, {0x10507fdd0, 0x14000206000}, 0x14000168200)
	/usr/local/go/src/net/http/server.go:2936 +0x2c0
net/http.(*conn).serve(0x1400017c240, {0x105080028, 0x14000113290})
	/usr/local/go/src/net/http/server.go:1995 +0x518
created by net/http.(*Server).Serve
	/usr/local/go/src/net/http/server.go:3089 +0x4e8
2023/05/13 17:10:42 server.go:3217: http: panic serving 127.0.0.1:61227: open app/views/templates/layour/html: no such file or directory
goroutine 5 [running]:
net/http.(*conn).serve.func1()
	/usr/local/go/src/net/http/server.go:1854 +0xb0
panic({0x105032360, 0x140000a2090})
	/usr/local/go/src/runtime/panic.go:890 +0x248
text/template.Must(...)
	/usr/local/go/src/text/template/helper.go:26
testing/todo_app/app/controllers.generateHTML({0x10507fdd0?, 0x140000b2000}, {0x10500ed20, 0x10507d0d8}, {0x140000c1a08?, 0x2, 0x0?})
	/Users/hiroshiobata/dev/go-practice/todo_app/app/controllers/server.go:16 +0x1f0
testing/todo_app/app/controllers.Top({0x10507fdd0?, 0x140000b2000?}, 0x3b?)
	/Users/hiroshiobata/dev/go-practice/todo_app/app/controllers/route_main.go:8 +0x70
net/http.HandlerFunc.ServeHTTP(0x14000054ad8?, {0x10507fdd0?, 0x140000b2000?}, 0x10?)
	/usr/local/go/src/net/http/server.go:2122 +0x38
net/http.(*ServeMux).ServeHTTP(0x0?, {0x10507fdd0, 0x140000b2000}, 0x14000224000)
	/usr/local/go/src/net/http/server.go:2500 +0x13c
net/http.serverHandler.ServeHTTP({0x14000200150?}, {0x10507fdd0, 0x140000b2000}, 0x14000224000)
	/usr/local/go/src/net/http/server.go:2936 +0x2c0
net/http.(*conn).serve(0x1400007c120, {0x105080028, 0x14000113290})
	/usr/local/go/src/net/http/server.go:1995 +0x518
created by net/http.(*Server).Serve
	/usr/local/go/src/net/http/server.go:3089 +0x4e8
2023/05/13 17:11:56 server.go:3217: http: panic serving 127.0.0.1:61230: open app/views/templates/layour/html: no such file or directory
goroutine 20 [running]:
net/http.(*conn).serve.func1()
	/usr/local/go/src/net/http/server.go:1854 +0xb0
panic({0x105032360, 0x140000a2210})
	/usr/local/go/src/runtime/panic.go:890 +0x248
text/template.Must(...)
	/usr/local/go/src/text/template/helper.go:26
testing/todo_app/app/controllers.generateHTML({0x10507fdd0?, 0x140000b21c0}, {0x10500ed20, 0x10507d0d8}, {0x14000054a08?, 0x2, 0x0?})
	/Users/hiroshiobata/dev/go-practice/todo_app/app/controllers/server.go:16 +0x1f0
testing/todo_app/app/controllers.Top({0x10507fdd0?, 0x140000b21c0?}, 0x3b?)
	/Users/hiroshiobata/dev/go-practice/todo_app/app/controllers/route_main.go:8 +0x70
net/http.HandlerFunc.ServeHTTP(0x14000054ad8?, {0x10507fdd0?, 0x140000b21c0?}, 0x10?)
	/usr/local/go/src/net/http/server.go:2122 +0x38
net/http.(*ServeMux).ServeHTTP(0x0?, {0x10507fdd0, 0x140000b21c0}, 0x140000e0000)
	/usr/local/go/src/net/http/server.go:2500 +0x13c
net/http.serverHandler.ServeHTTP({0x140000a2150?}, {0x10507fdd0, 0x140000b21c0}, 0x140000e0000)
	/usr/local/go/src/net/http/server.go:2936 +0x2c0
net/http.(*conn).serve(0x1400009e120, {0x105080028, 0x14000113290})
	/usr/local/go/src/net/http/server.go:1995 +0x518
created by net/http.(*Server).Serve
	/usr/local/go/src/net/http/server.go:3089 +0x4e8
2023/05/13 17:11:56 server.go:3217: http: panic serving 127.0.0.1:61231: open app/views/templates/layour/html: no such file or directory
goroutine 22 [running]:
net/http.(*conn).serve.func1()
	/usr/local/go/src/net/http/server.go:1854 +0xb0
panic({0x105032360, 0x14000200210})
	/usr/local/go/src/runtime/panic.go:890 +0x248
text/template.Must(...)
	/usr/local/go/src/text/template/helper.go:26
testing/todo_app/app/controllers.generateHTML({0x10507fdd0?, 0x140002061c0}, {0x10500ed20, 0x10507d0d8}, {0x14000054a08?, 0x2, 0x0?})
	/Users/hiroshiobata/dev/go-practice/todo_app/app/controllers/server.go:16 +0x1f0
testing/todo_app/app/controllers.Top({0x10507fdd0?, 0x140002061c0?}, 0x3b?)
	/Users/hiroshiobata/dev/go-practice/todo_app/app/controllers/route_main.go:8 +0x70
net/http.HandlerFunc.ServeHTTP(0x14000054ad8?, {0x10507fdd0?, 0x140002061c0?}, 0x10?)
	/usr/local/go/src/net/http/server.go:2122 +0x38
net/http.(*ServeMux).ServeHTTP(0x0?, {0x10507fdd0, 0x140002061c0}, 0x140000e0100)
	/usr/local/go/src/net/http/server.go:2500 +0x13c
net/http.serverHandler.ServeHTTP({0x140000a22d0?}, {0x10507fdd0, 0x140002061c0}, 0x140000e0100)
	/usr/local/go/src/net/http/server.go:2936 +0x2c0
net/http.(*conn).serve(0x1400009e2d0, {0x105080028, 0x14000113290})
	/usr/local/go/src/net/http/server.go:1995 +0x518
created by net/http.(*Server).Serve
	/usr/local/go/src/net/http/server.go:3089 +0x4e8
2023/05/13 17:11:56 server.go:3217: http: panic serving 127.0.0.1:61232: open app/views/templates/layour/html: no such file or directory
goroutine 7 [running]:
net/http.(*conn).serve.func1()
	/usr/local/go/src/net/http/server.go:1854 +0xb0
panic({0x105032360, 0x14000200390})
	/usr/local/go/src/runtime/panic.go:890 +0x248
text/template.Must(...)
	/usr/local/go/src/text/template/helper.go:26
testing/todo_app/app/controllers.generateHTML({0x10507fdd0?, 0x14000206380}, {0x10500ed20, 0x10507d0d8}, {0x14000054a08?, 0x2, 0x0?})
	/Users/hiroshiobata/dev/go-practice/todo_app/app/controllers/server.go:16 +0x1f0
testing/todo_app/app/controllers.Top({0x10507fdd0?, 0x14000206380?}, 0x3b?)
	/Users/hiroshiobata/dev/go-practice/todo_app/app/controllers/route_main.go:8 +0x70
net/http.HandlerFunc.ServeHTTP(0x14000054ad8?, {0x10507fdd0?, 0x14000206380?}, 0x10?)
	/usr/local/go/src/net/http/server.go:2122 +0x38
net/http.(*ServeMux).ServeHTTP(0x0?, {0x10507fdd0, 0x14000206380}, 0x14000224100)
	/usr/local/go/src/net/http/server.go:2500 +0x13c
net/http.serverHandler.ServeHTTP({0x140002002d0?}, {0x10507fdd0, 0x14000206380}, 0x14000224100)
	/usr/local/go/src/net/http/server.go:2936 +0x2c0
net/http.(*conn).serve(0x1400007c2d0, {0x105080028, 0x14000113290})
	/usr/local/go/src/net/http/server.go:1995 +0x518
created by net/http.(*Server).Serve
	/usr/local/go/src/net/http/server.go:3089 +0x4e8
2023/05/13 17:12:06 server.go:27: Failed to start server: listen tcp :8080: bind: address already in use
2023/05/13 17:13:59 server.go:3217: http: panic serving 127.0.0.1:61241: open app/views/templates/layour/html: no such file or directory
goroutine 36 [running]:
net/http.(*conn).serve.func1()
	/usr/local/go/src/net/http/server.go:1854 +0xb0
panic({0x10450a360, 0x1400007a0c0})
	/usr/local/go/src/runtime/panic.go:890 +0x248
text/template.Must(...)
	/usr/local/go/src/text/template/helper.go:26
testing/todo_app/app/controllers.generateHTML({0x104557dd0?, 0x1400020a000}, {0x1044e6d20, 0x1045550d8}, {0x14000131a08?, 0x2, 0x0?})
	/Users/hiroshiobata/dev/go-practice/todo_app/app/controllers/server.go:16 +0x1f0
testing/todo_app/app/controllers.Top({0x104557dd0?, 0x1400020a000?}, 0x3b?)
	/Users/hiroshiobata/dev/go-practice/todo_app/app/controllers/route_main.go:8 +0x70
net/http.HandlerFunc.ServeHTTP(0x14000131ad8?, {0x104557dd0?, 0x1400020a000?}, 0x10?)
	/usr/local/go/src/net/http/server.go:2122 +0x38
net/http.(*ServeMux).ServeHTTP(0x0?, {0x104557dd0, 0x1400020a000}, 0x14000168100)
	/usr/local/go/src/net/http/server.go:2500 +0x13c
net/http.serverHandler.ServeHTTP({0x14000113380?}, {0x104557dd0, 0x1400020a000}, 0x14000168100)
	/usr/local/go/src/net/http/server.go:2936 +0x2c0
net/http.(*conn).serve(0x1400017c090, {0x104558028, 0x14000113290})
	/usr/local/go/src/net/http/server.go:1995 +0x518
created by net/http.(*Server).Serve
	/usr/local/go/src/net/http/server.go:3089 +0x4e8
2023/05/13 17:13:59 server.go:3217: http: panic serving 127.0.0.1:61242: open app/views/templates/layour/html: no such file or directory
goroutine 4 [running]:
net/http.(*conn).serve.func1()
	/usr/local/go/src/net/http/server.go:1854 +0xb0
panic({0x10450a360, 0x1400007a240})
	/usr/local/go/src/runtime/panic.go:890 +0x248
text/template.Must(...)
	/usr/local/go/src/text/template/helper.go:26
testing/todo_app/app/controllers.generateHTML({0x104557dd0?, 0x1400020a1c0}, {0x1044e6d20, 0x1045550d8}, {0x14000054a08?, 0x2, 0x0?})
	/Users/hiroshiobata/dev/go-practice/todo_app/app/controllers/server.go:16 +0x1f0
testing/todo_app/app/controllers.Top({0x104557dd0?, 0x1400020a1c0?}, 0x3b?)
	/Users/hiroshiobata/dev/go-practice/todo_app/app/controllers/route_main.go:8 +0x70
net/http.HandlerFunc.ServeHTTP(0x14000054ad8?, {0x104557dd0?, 0x1400020a1c0?}, 0x10?)
	/usr/local/go/src/net/http/server.go:2122 +0x38
net/http.(*ServeMux).ServeHTTP(0x0?, {0x104557dd0, 0x1400020a1c0}, 0x1400022c000)
	/usr/local/go/src/net/http/server.go:2500 +0x13c
net/http.serverHandler.ServeHTTP({0x1400007a180?}, {0x104557dd0, 0x1400020a1c0}, 0x1400022c000)
	/usr/local/go/src/net/http/server.go:2936 +0x2c0
net/http.(*conn).serve(0x14000076120, {0x104558028, 0x14000113290})
	/usr/local/go/src/net/http/server.go:1995 +0x518
created by net/http.(*Server).Serve
	/usr/local/go/src/net/http/server.go:3089 +0x4e8
2023/05/13 17:13:59 server.go:3217: http: panic serving 127.0.0.1:61243: open app/views/templates/layour/html: no such file or directory
goroutine 37 [running]:
net/http.(*conn).serve.func1()
	/usr/local/go/src/net/http/server.go:1854 +0xb0
panic({0x10450a360, 0x14000113560})
	/usr/local/go/src/runtime/panic.go:890 +0x248
text/template.Must(...)
	/usr/local/go/src/text/template/helper.go:26
testing/todo_app/app/controllers.generateHTML({0x104557dd0?, 0x1400019c000}, {0x1044e6d20, 0x1045550d8}, {0x14000055a08?, 0x2, 0x0?})
	/Users/hiroshiobata/dev/go-practice/todo_app/app/controllers/server.go:16 +0x1f0
testing/todo_app/app/controllers.Top({0x104557dd0?, 0x1400019c000?}, 0x3b?)
	/Users/hiroshiobata/dev/go-practice/todo_app/app/controllers/route_main.go:8 +0x70
net/http.HandlerFunc.ServeHTTP(0x14000055ad8?, {0x104557dd0?, 0x1400019c000?}, 0x10?)
	/usr/local/go/src/net/http/server.go:2122 +0x38
net/http.(*ServeMux).ServeHTTP(0x0?, {0x104557dd0, 0x1400019c000}, 0x14000168200)
	/usr/local/go/src/net/http/server.go:2500 +0x13c
net/http.serverHandler.ServeHTTP({0x14000113470?}, {0x104557dd0, 0x1400019c000}, 0x14000168200)
	/usr/local/go/src/net/http/server.go:2936 +0x2c0
net/http.(*conn).serve(0x1400017c120, {0x104558028, 0x14000113290})
	/usr/local/go/src/net/http/server.go:1995 +0x518
created by net/http.(*Server).Serve
	/usr/local/go/src/net/http/server.go:3089 +0x4e8
2023/05/13 17:33:13 server.go:3217: http: panic serving 127.0.0.1:61424: open app/views/templates/layour/html: no such file or directory
goroutine 5 [running]:
net/http.(*conn).serve.func1()
	/usr/local/go/src/net/http/server.go:1854 +0xb0
panic({0x10056e360, 0x140001014a0})
	/usr/local/go/src/runtime/panic.go:890 +0x248
text/template.Must(...)
	/usr/local/go/src/text/template/helper.go:26
testing/todo_app/app/controllers.generateHTML({0x1005bbdd0?, 0x1400016e000}, {0x10054ad20, 0x1005b90e0}, {0x140001159f8?, 0x3, 0x14000115a08?})
	/Users/hiroshiobata/dev/go-practice/todo_app/app/controllers/server.go:15 +0x1f0
testing/todo_app/app/controllers.Top({0x1005bbdd0?, 0x1400016e000?}, 0x3b?)
	/Users/hiroshiobata/dev/go-practice/todo_app/app/controllers/route_main.go:8 +0x84
net/http.HandlerFunc.ServeHTTP(0x14000115ad8?, {0x1005bbdd0?, 0x1400016e000?}, 0x10?)
	/usr/local/go/src/net/http/server.go:2122 +0x38
net/http.(*ServeMux).ServeHTTP(0x0?, {0x1005bbdd0, 0x1400016e000}, 0x14000140100)
	/usr/local/go/src/net/http/server.go:2500 +0x13c
net/http.serverHandler.ServeHTTP({0x14000101380?}, {0x1005bbdd0, 0x1400016e000}, 0x14000140100)
	/usr/local/go/src/net/http/server.go:2936 +0x2c0
net/http.(*conn).serve(0x14000154090, {0x1005bc028, 0x14000101290})
	/usr/local/go/src/net/http/server.go:1995 +0x518
created by net/http.(*Server).Serve
	/usr/local/go/src/net/http/server.go:3089 +0x4e8
2023/05/13 17:33:13 server.go:3217: http: panic serving 127.0.0.1:61425: open app/views/templates/layour/html: no such file or directory
goroutine 20 [running]:
net/http.(*conn).serve.func1()
	/usr/local/go/src/net/http/server.go:1854 +0xb0
panic({0x10056e360, 0x1400009c180})
	/usr/local/go/src/runtime/panic.go:890 +0x248
text/template.Must(...)
	/usr/local/go/src/text/template/helper.go:26
testing/todo_app/app/controllers.generateHTML({0x1005bbdd0?, 0x140000b4000}, {0x10054ad20, 0x1005b90e0}, {0x140001119f8?, 0x3, 0x14000054a08?})
	/Users/hiroshiobata/dev/go-practice/todo_app/app/controllers/server.go:15 +0x1f0
testing/todo_app/app/controllers.Top({0x1005bbdd0?, 0x140000b4000?}, 0x3b?)
	/Users/hiroshiobata/dev/go-practice/todo_app/app/controllers/route_main.go:8 +0x84
net/http.HandlerFunc.ServeHTTP(0x14000054ad8?, {0x1005bbdd0?, 0x140000b4000?}, 0x10?)
	/usr/local/go/src/net/http/server.go:2122 +0x38
net/http.(*ServeMux).ServeHTTP(0x0?, {0x1005bbdd0, 0x140000b4000}, 0x140000aa000)
	/usr/local/go/src/net/http/server.go:2500 +0x13c
net/http.serverHandler.ServeHTTP({0x1400009c090?}, {0x1005bbdd0, 0x140000b4000}, 0x140000aa000)
	/usr/local/go/src/net/http/server.go:2936 +0x2c0
net/http.(*conn).serve(0x140000a0000, {0x1005bc028, 0x14000101290})
	/usr/local/go/src/net/http/server.go:1995 +0x518
created by net/http.(*Server).Serve
	/usr/local/go/src/net/http/server.go:3089 +0x4e8
2023/05/13 17:33:13 server.go:3217: http: panic serving 127.0.0.1:61426: open app/views/templates/layour/html: no such file or directory
goroutine 34 [running]:
net/http.(*conn).serve.func1()
	/usr/local/go/src/net/http/server.go:1854 +0xb0
panic({0x10056e360, 0x14000194180})
	/usr/local/go/src/runtime/panic.go:890 +0x248
text/template.Must(...)
	/usr/local/go/src/text/template/helper.go:26
testing/todo_app/app/controllers.generateHTML({0x1005bbdd0?, 0x140001c8000}, {0x10054ad20, 0x1005b90e0}, {0x140001d79f8?, 0x3, 0x140001aaa08?})
	/Users/hiroshiobata/dev/go-practice/todo_app/app/controllers/server.go:15 +0x1f0
testing/todo_app/app/controllers.Top({0x1005bbdd0?, 0x140001c8000?}, 0x3b?)
	/Users/hiroshiobata/dev/go-practice/todo_app/app/controllers/route_main.go:8 +0x84
net/http.HandlerFunc.ServeHTTP(0x140001aaad8?, {0x1005bbdd0?, 0x140001c8000?}, 0x10?)
	/usr/local/go/src/net/http/server.go:2122 +0x38
net/http.(*ServeMux).ServeHTTP(0x0?, {0x1005bbdd0, 0x140001c8000}, 0x140001ba000)
	/usr/local/go/src/net/http/server.go:2500 +0x13c
net/http.serverHandler.ServeHTTP({0x14000194090?}, {0x1005bbdd0, 0x140001c8000}, 0x140001ba000)
	/usr/local/go/src/net/http/server.go:2936 +0x2c0
net/http.(*conn).serve(0x14000198000, {0x1005bc028, 0x14000101290})
	/usr/local/go/src/net/http/server.go:1995 +0x518
created by net/http.(*Server).Serve
	/usr/local/go/src/net/http/server.go:3089 +0x4e8
2023/05/13 17:37:07 server.go:3217: http: panic serving 127.0.0.1:61449: open app/views/templates/layout/html: no such file or directory
goroutine 5 [running]:
net/http.(*conn).serve.func1()
	/usr/local/go/src/net/http/server.go:1854 +0xb0
panic({0x102bc2360, 0x140001014a0})
	/usr/local/go/src/runtime/panic.go:890 +0x248
text/template.Must(...)
	/usr/local/go/src/text/template/helper.go:26
testing/todo_app/app/controllers.generateHTML({0x102c0fdd0?, 0x1400016e000}, {0x102b9ed20, 0x102c0d0e0}, {0x140001159f8?, 0x3, 0x14000115a08?})
	/Users/hiroshiobata/dev/go-practice/todo_app/app/controllers/server.go:15 +0x1f0
testing/todo_app/app/controllers.Top({0x102c0fdd0?, 0x1400016e000?}, 0x3b?)
	/Users/hiroshiobata/dev/go-practice/todo_app/app/controllers/route_main.go:8 +0x84
net/http.HandlerFunc.ServeHTTP(0x14000115ad8?, {0x102c0fdd0?, 0x1400016e000?}, 0x10?)
	/usr/local/go/src/net/http/server.go:2122 +0x38
net/http.(*ServeMux).ServeHTTP(0x0?, {0x102c0fdd0, 0x1400016e000}, 0x14000140100)
	/usr/local/go/src/net/http/server.go:2500 +0x13c
net/http.serverHandler.ServeHTTP({0x14000101380?}, {0x102c0fdd0, 0x1400016e000}, 0x14000140100)
	/usr/local/go/src/net/http/server.go:2936 +0x2c0
net/http.(*conn).serve(0x14000154090, {0x102c10028, 0x14000101290})
	/usr/local/go/src/net/http/server.go:1995 +0x518
created by net/http.(*Server).Serve
	/usr/local/go/src/net/http/server.go:3089 +0x4e8
2023/05/13 17:37:07 server.go:3217: http: panic serving 127.0.0.1:61450: open app/views/templates/layout/html: no such file or directory
goroutine 7 [running]:
net/http.(*conn).serve.func1()
	/usr/local/go/src/net/http/server.go:1854 +0xb0
panic({0x102bc2360, 0x14000101620})
	/usr/local/go/src/runtime/panic.go:890 +0x248
text/template.Must(...)
	/usr/local/go/src/text/template/helper.go:26
testing/todo_app/app/controllers.generateHTML({0x102c0fdd0?, 0x1400016e1c0}, {0x102b9ed20, 0x102c0d0e0}, {0x140000599f8?, 0x3, 0x14000059a08?})
	/Users/hiroshiobata/dev/go-practice/todo_app/app/controllers/server.go:15 +0x1f0
testing/todo_app/app/controllers.Top({0x102c0fdd0?, 0x1400016e1c0?}, 0x3b?)
	/Users/hiroshiobata/dev/go-practice/todo_app/app/controllers/route_main.go:8 +0x84
net/http.HandlerFunc.ServeHTTP(0x14000059ad8?, {0x102c0fdd0?, 0x1400016e1c0?}, 0x10?)
	/usr/local/go/src/net/http/server.go:2122 +0x38
net/http.(*ServeMux).ServeHTTP(0x0?, {0x102c0fdd0, 0x1400016e1c0}, 0x14000140200)
	/usr/local/go/src/net/http/server.go:2500 +0x13c
net/http.serverHandler.ServeHTTP({0x14000101560?}, {0x102c0fdd0, 0x1400016e1c0}, 0x14000140200)
	/usr/local/go/src/net/http/server.go:2936 +0x2c0
net/http.(*conn).serve(0x14000154240, {0x102c10028, 0x14000101290})
	/usr/local/go/src/net/http/server.go:1995 +0x518
created by net/http.(*Server).Serve
	/usr/local/go/src/net/http/server.go:3089 +0x4e8
2023/05/13 17:37:07 server.go:3217: http: panic serving 127.0.0.1:61451: open app/views/templates/layout/html: no such file or directory
goroutine 34 [running]:
net/http.(*conn).serve.func1()
	/usr/local/go/src/net/http/server.go:1854 +0xb0
panic({0x102bc2360, 0x140001a4180})
	/usr/local/go/src/runtime/panic.go:890 +0x248
text/template.Must(...)
	/usr/local/go/src/text/template/helper.go:26
testing/todo_app/app/controllers.generateHTML({0x102c0fdd0?, 0x140001d0000}, {0x102b9ed20, 0x102c0d0e0}, {0x140001119f8?, 0x3, 0x14000054a08?})
	/Users/hiroshiobata/dev/go-practice/todo_app/app/controllers/server.go:15 +0x1f0
testing/todo_app/app/controllers.Top({0x102c0fdd0?, 0x140001d0000?}, 0x3b?)
	/Users/hiroshiobata/dev/go-practice/todo_app/app/controllers/route_main.go:8 +0x84
net/http.HandlerFunc.ServeHTTP(0x14000054ad8?, {0x102c0fdd0?, 0x140001d0000?}, 0x10?)
	/usr/local/go/src/net/http/server.go:2122 +0x38
net/http.(*ServeMux).ServeHTTP(0x0?, {0x102c0fdd0, 0x140001d0000}, 0x140001c2000)
	/usr/local/go/src/net/http/server.go:2500 +0x13c
net/http.serverHandler.ServeHTTP({0x140001a4090?}, {0x102c0fdd0, 0x140001d0000}, 0x140001c2000)
	/usr/local/go/src/net/http/server.go:2936 +0x2c0
net/http.(*conn).serve(0x140001a8000, {0x102c10028, 0x14000101290})
	/usr/local/go/src/net/http/server.go:1995 +0x518
created by net/http.(*Server).Serve
	/usr/local/go/src/net/http/server.go:3089 +0x4e8
2023/05/13 18:02:32 server.go:3217: http: panic serving [::1]:61551: open app/views/templates/layout/html: no such file or directory
goroutine 5 [running]:
net/http.(*conn).serve.func1()
	/usr/local/go/src/net/http/server.go:1854 +0xb0
panic({0x104cb6900, 0x140001094a0})
	/usr/local/go/src/runtime/panic.go:890 +0x248
text/template.Must(...)
	/usr/local/go/src/text/template/helper.go:26
testing/todo_app/app/controllers.generateHTML({0x104d045d0?, 0x14000178000}, {0x104c92f00, 0x104d018e0}, {0x1400011d9f8?, 0x3, 0x1400011da08?})
	/Users/hiroshiobata/dev/go-practice/todo_app/app/controllers/server.go:15 +0x1f0
testing/todo_app/app/controllers.Top({0x104d045d0?, 0x14000178000?}, 0x3b?)
	/Users/hiroshiobata/dev/go-practice/todo_app/app/controllers/route_main.go:8 +0x84
net/http.HandlerFunc.ServeHTTP(0x1400011dad8?, {0x104d045d0?, 0x14000178000?}, 0x10?)
	/usr/local/go/src/net/http/server.go:2122 +0x38
net/http.(*ServeMux).ServeHTTP(0x0?, {0x104d045d0, 0x14000178000}, 0x1400014a100)
	/usr/local/go/src/net/http/server.go:2500 +0x13c
net/http.serverHandler.ServeHTTP({0x14000109380?}, {0x104d045d0, 0x14000178000}, 0x1400014a100)
	/usr/local/go/src/net/http/server.go:2936 +0x2c0
net/http.(*conn).serve(0x1400015c090, {0x104d04828, 0x14000109290})
	/usr/local/go/src/net/http/server.go:1995 +0x518
created by net/http.(*Server).Serve
	/usr/local/go/src/net/http/server.go:3089 +0x4e8
2023/05/13 18:02:32 server.go:3217: http: panic serving [::1]:61552: open app/views/templates/layout/html: no such file or directory
goroutine 7 [running]:
net/http.(*conn).serve.func1()
	/usr/local/go/src/net/http/server.go:1854 +0xb0
panic({0x104cb6900, 0x14000109620})
	/usr/local/go/src/runtime/panic.go:890 +0x248
text/template.Must(...)
	/usr/local/go/src/text/template/helper.go:26
testing/todo_app/app/controllers.generateHTML({0x104d045d0?, 0x140001781c0}, {0x104c92f00, 0x104d018e0}, {0x140000599f8?, 0x3, 0x14000059a08?})
	/Users/hiroshiobata/dev/go-practice/todo_app/app/controllers/server.go:15 +0x1f0
testing/todo_app/app/controllers.Top({0x104d045d0?, 0x140001781c0?}, 0x3b?)
	/Users/hiroshiobata/dev/go-practice/todo_app/app/controllers/route_main.go:8 +0x84
net/http.HandlerFunc.ServeHTTP(0x14000059ad8?, {0x104d045d0?, 0x140001781c0?}, 0x10?)
	/usr/local/go/src/net/http/server.go:2122 +0x38
net/http.(*ServeMux).ServeHTTP(0x0?, {0x104d045d0, 0x140001781c0}, 0x1400014a200)
	/usr/local/go/src/net/http/server.go:2500 +0x13c
net/http.serverHandler.ServeHTTP({0x14000109560?}, {0x104d045d0, 0x140001781c0}, 0x1400014a200)
	/usr/local/go/src/net/http/server.go:2936 +0x2c0
net/http.(*conn).serve(0x1400015c240, {0x104d04828, 0x14000109290})
	/usr/local/go/src/net/http/server.go:1995 +0x518
created by net/http.(*Server).Serve
	/usr/local/go/src/net/http/server.go:3089 +0x4e8
2023/05/13 18:02:32 server.go:3217: http: panic serving [::1]:61553: open app/views/templates/layout/html: no such file or directory
goroutine 34 [running]:
net/http.(*conn).serve.func1()
	/usr/local/go/src/net/http/server.go:1854 +0xb0
panic({0x104cb6900, 0x14000188180})
	/usr/local/go/src/runtime/panic.go:890 +0x248
text/template.Must(...)
	/usr/local/go/src/text/template/helper.go:26
testing/todo_app/app/controllers.generateHTML({0x104d045d0?, 0x140001b0000}, {0x104c92f00, 0x104d018e0}, {0x140001199f8?, 0x3, 0x14000054a08?})
	/Users/hiroshiobata/dev/go-practice/todo_app/app/controllers/server.go:15 +0x1f0
testing/todo_app/app/controllers.Top({0x104d045d0?, 0x140001b0000?}, 0x3b?)
	/Users/hiroshiobata/dev/go-practice/todo_app/app/controllers/route_main.go:8 +0x84
net/http.HandlerFunc.ServeHTTP(0x14000054ad8?, {0x104d045d0?, 0x140001b0000?}, 0x10?)
	/usr/local/go/src/net/http/server.go:2122 +0x38
net/http.(*ServeMux).ServeHTTP(0x0?, {0x104d045d0, 0x140001b0000}, 0x140001a4000)
	/usr/local/go/src/net/http/server.go:2500 +0x13c
net/http.serverHandler.ServeHTTP({0x14000188090?}, {0x104d045d0, 0x140001b0000}, 0x140001a4000)
	/usr/local/go/src/net/http/server.go:2936 +0x2c0
net/http.(*conn).serve(0x1400018c000, {0x104d04828, 0x14000109290})
	/usr/local/go/src/net/http/server.go:1995 +0x518
created by net/http.(*Server).Serve
	/usr/local/go/src/net/http/server.go:3089 +0x4e8
2023/05/13 21:01:55 users.go:111: no such table: sessions
2023/05/13 21:01:55 main.go:20: no such table: sessions
2023/05/13 21:32:15 server.go:3217: http: panic serving [::1]:62449: open app/views/templates/layout/html: no such file or directory
goroutine 36 [running]:
net/http.(*conn).serve.func1()
	/usr/local/go/src/net/http/server.go:1854 +0xb0
panic({0x1054aeb40, 0x140001134a0})
	/usr/local/go/src/runtime/panic.go:890 +0x248
text/template.Must(...)
	/usr/local/go/src/text/template/helper.go:26
testing/todo_app/app/controllers.generateHTML({0x1054fcb90?, 0x14000216000}, {0x10548b060, 0x1054f9eb0}, {0x140001379f8?, 0x3, 0x14000137a08?})
	/Users/hiroshiobata/dev/go-practice/todo_app/app/controllers/server.go:15 +0x1f0
testing/todo_app/app/controllers.Top({0x1054fcb90?, 0x14000216000?}, 0x3b?)
	/Users/hiroshiobata/dev/go-practice/todo_app/app/controllers/route_main.go:8 +0x84
net/http.HandlerFunc.ServeHTTP(0x14000137ad8?, {0x1054fcb90?, 0x14000216000?}, 0x10?)
	/usr/local/go/src/net/http/server.go:2122 +0x38
net/http.(*ServeMux).ServeHTTP(0x0?, {0x1054fcb90, 0x14000216000}, 0x14000168100)
	/usr/local/go/src/net/http/server.go:2500 +0x13c
net/http.serverHandler.ServeHTTP({0x14000113380?}, {0x1054fcb90, 0x14000216000}, 0x14000168100)
	/usr/local/go/src/net/http/server.go:2936 +0x2c0
net/http.(*conn).serve(0x1400017c090, {0x1054fcde8, 0x14000113290})
	/usr/local/go/src/net/http/server.go:1995 +0x518
created by net/http.(*Server).Serve
	/usr/local/go/src/net/http/server.go:3089 +0x4e8
2023/05/13 21:32:15 server.go:3217: http: panic serving [::1]:62450: open app/views/templates/layout/html: no such file or directory
goroutine 38 [running]:
net/http.(*conn).serve.func1()
	/usr/local/go/src/net/http/server.go:1854 +0xb0
panic({0x1054aeb40, 0x14000286090})
	/usr/local/go/src/runtime/panic.go:890 +0x248
text/template.Must(...)
	/usr/local/go/src/text/template/helper.go:26
testing/todo_app/app/controllers.generateHTML({0x1054fcb90?, 0x14000298000}, {0x10548b060, 0x1054f9eb0}, {0x140001339f8?, 0x3, 0x14000054a08?})
	/Users/hiroshiobata/dev/go-practice/todo_app/app/controllers/server.go:15 +0x1f0
testing/todo_app/app/controllers.Top({0x1054fcb90?, 0x14000298000?}, 0x3b?)
	/Users/hiroshiobata/dev/go-practice/todo_app/app/controllers/route_main.go:8 +0x84
net/http.HandlerFunc.ServeHTTP(0x14000054ad8?, {0x1054fcb90?, 0x14000298000?}, 0x10?)
	/usr/local/go/src/net/http/server.go:2122 +0x38
net/http.(*ServeMux).ServeHTTP(0x0?, {0x1054fcb90, 0x14000298000}, 0x14000168200)
	/usr/local/go/src/net/http/server.go:2500 +0x13c
net/http.serverHandler.ServeHTTP({0x14000113560?}, {0x1054fcb90, 0x14000298000}, 0x14000168200)
	/usr/local/go/src/net/http/server.go:2936 +0x2c0
net/http.(*conn).serve(0x1400017c240, {0x1054fcde8, 0x14000113290})
	/usr/local/go/src/net/http/server.go:1995 +0x518
created by net/http.(*Server).Serve
	/usr/local/go/src/net/http/server.go:3089 +0x4e8
2023/05/13 21:32:15 server.go:3217: http: panic serving [::1]:62451: open app/views/templates/layout/html: no such file or directory
goroutine 3 [running]:
net/http.(*conn).serve.func1()
	/usr/local/go/src/net/http/server.go:1854 +0xb0
panic({0x1054aeb40, 0x14000113620})
	/usr/local/go/src/runtime/panic.go:890 +0x248
text/template.Must(...)
	/usr/local/go/src/text/template/helper.go:26
testing/todo_app/app/controllers.generateHTML({0x1054fcb90?, 0x140002161c0}, {0x10548b060, 0x1054f9eb0}, {0x140000599f8?, 0x3, 0x14000059a08?})
	/Users/hiroshiobata/dev/go-practice/todo_app/app/controllers/server.go:15 +0x1f0
testing/todo_app/app/controllers.Top({0x1054fcb90?, 0x140002161c0?}, 0x3b?)
	/Users/hiroshiobata/dev/go-practice/todo_app/app/controllers/route_main.go:8 +0x84
net/http.HandlerFunc.ServeHTTP(0x14000059ad8?, {0x1054fcb90?, 0x140002161c0?}, 0x10?)
	/usr/local/go/src/net/http/server.go:2122 +0x38
net/http.(*ServeMux).ServeHTTP(0x0?, {0x1054fcb90, 0x140002161c0}, 0x14000190000)
	/usr/local/go/src/net/http/server.go:2500 +0x13c
net/http.serverHandler.ServeHTTP({0x1400018c090?}, {0x1054fcb90, 0x140002161c0}, 0x14000190000)
	/usr/local/go/src/net/http/server.go:2936 +0x2c0
net/http.(*conn).serve(0x1400018e000, {0x1054fcde8, 0x14000113290})
	/usr/local/go/src/net/http/server.go:1995 +0x518
created by net/http.(*Server).Serve
	/usr/local/go/src/net/http/server.go:3089 +0x4e8
2023/05/13 21:49:30 server.go:3217: http: panic serving [::1]:62452: open app/views/templates/layout/html: no such file or directory
goroutine 40 [running]:
net/http.(*conn).serve.func1()
	/usr/local/go/src/net/http/server.go:1854 +0xb0
panic({0x1054aeb40, 0x140001137a0})
	/usr/local/go/src/runtime/panic.go:890 +0x248
text/template.Must(...)
	/usr/local/go/src/text/template/helper.go:26
testing/todo_app/app/controllers.generateHTML({0x1054fcb90?, 0x14000216380}, {0x10548b060, 0x1054f9eb0}, {0x140000599f8?, 0x3, 0x14000059a08?})
	/Users/hiroshiobata/dev/go-practice/todo_app/app/controllers/server.go:15 +0x1f0
testing/todo_app/app/controllers.Top({0x1054fcb90?, 0x14000216380?}, 0x3b?)
	/Users/hiroshiobata/dev/go-practice/todo_app/app/controllers/route_main.go:8 +0x84
net/http.HandlerFunc.ServeHTTP(0x14000059ad8?, {0x1054fcb90?, 0x14000216380?}, 0x10?)
	/usr/local/go/src/net/http/server.go:2122 +0x38
net/http.(*ServeMux).ServeHTTP(0x0?, {0x1054fcb90, 0x14000216380}, 0x14000168300)
	/usr/local/go/src/net/http/server.go:2500 +0x13c
net/http.serverHandler.ServeHTTP({0x140001136e0?}, {0x1054fcb90, 0x14000216380}, 0x14000168300)
	/usr/local/go/src/net/http/server.go:2936 +0x2c0
net/http.(*conn).serve(0x1400017c3f0, {0x1054fcde8, 0x14000113290})
	/usr/local/go/src/net/http/server.go:1995 +0x518
created by net/http.(*Server).Serve
	/usr/local/go/src/net/http/server.go:3089 +0x4e8
2023/05/13 21:49:30 server.go:3217: http: panic serving [::1]:62453: open app/views/templates/layout/html: no such file or directory
goroutine 42 [running]:
net/http.(*conn).serve.func1()
	/usr/local/go/src/net/http/server.go:1854 +0xb0
panic({0x1054aeb40, 0x14000113920})
	/usr/local/go/src/runtime/panic.go:890 +0x248
text/template.Must(...)
	/usr/local/go/src/text/template/helper.go:26
testing/todo_app/app/controllers.generateHTML({0x1054fcb90?, 0x14000216540}, {0x10548b060, 0x1054f9eb0}, {0x140000599f8?, 0x3, 0x14000059a08?})
	/Users/hiroshiobata/dev/go-practice/todo_app/app/controllers/server.go:15 +0x1f0
testing/todo_app/app/controllers.Top({0x1054fcb90?, 0x14000216540?}, 0x3b?)
	/Users/hiroshiobata/dev/go-practice/todo_app/app/controllers/route_main.go:8 +0x84
net/http.HandlerFunc.ServeHTTP(0x14000059ad8?, {0x1054fcb90?, 0x14000216540?}, 0x10?)
	/usr/local/go/src/net/http/server.go:2122 +0x38
net/http.(*ServeMux).ServeHTTP(0x0?, {0x1054fcb90, 0x14000216540}, 0x14000168400)
	/usr/local/go/src/net/http/server.go:2500 +0x13c
net/http.serverHandler.ServeHTTP({0x14000113860?}, {0x1054fcb90, 0x14000216540}, 0x14000168400)
	/usr/local/go/src/net/http/server.go:2936 +0x2c0
net/http.(*conn).serve(0x1400017c5a0, {0x1054fcde8, 0x14000113290})
	/usr/local/go/src/net/http/server.go:1995 +0x518
created by net/http.(*Server).Serve
	/usr/local/go/src/net/http/server.go:3089 +0x4e8
2023/05/13 21:49:30 server.go:3217: http: panic serving [::1]:62454: open app/views/templates/layout/html: no such file or directory
goroutine 44 [running]:
net/http.(*conn).serve.func1()
	/usr/local/go/src/net/http/server.go:1854 +0xb0
panic({0x1054aeb40, 0x14000113aa0})
	/usr/local/go/src/runtime/panic.go:890 +0x248
text/template.Must(...)
	/usr/local/go/src/text/template/helper.go:26
testing/todo_app/app/controllers.generateHTML({0x1054fcb90?, 0x14000216700}, {0x10548b060, 0x1054f9eb0}, {0x140000599f8?, 0x3, 0x14000059a08?})
	/Users/hiroshiobata/dev/go-practice/todo_app/app/controllers/server.go:15 +0x1f0
testing/todo_app/app/controllers.Top({0x1054fcb90?, 0x14000216700?}, 0x3b?)
	/Users/hiroshiobata/dev/go-practice/todo_app/app/controllers/route_main.go:8 +0x84
net/http.HandlerFunc.ServeHTTP(0x14000059ad8?, {0x1054fcb90?, 0x14000216700?}, 0x10?)
	/usr/local/go/src/net/http/server.go:2122 +0x38
net/http.(*ServeMux).ServeHTTP(0x0?, {0x1054fcb90, 0x14000216700}, 0x14000168500)
	/usr/local/go/src/net/http/server.go:2500 +0x13c
net/http.serverHandler.ServeHTTP({0x140001139e0?}, {0x1054fcb90, 0x14000216700}, 0x14000168500)
	/usr/local/go/src/net/http/server.go:2936 +0x2c0
net/http.(*conn).serve(0x1400017c750, {0x1054fcde8, 0x14000113290})
	/usr/local/go/src/net/http/server.go:1995 +0x518
created by net/http.(*Server).Serve
	/usr/local/go/src/net/http/server.go:3089 +0x4e8
2023/05/13 21:49:59 server.go:3217: http: panic serving [::1]:62455: open app/views/templates/layout/html: no such file or directory
goroutine 46 [running]:
net/http.(*conn).serve.func1()
	/usr/local/go/src/net/http/server.go:1854 +0xb0
panic({0x1054aeb40, 0x14000113c20})
	/usr/local/go/src/runtime/panic.go:890 +0x248
text/template.Must(...)
	/usr/local/go/src/text/template/helper.go:26
testing/todo_app/app/controllers.generateHTML({0x1054fcb90?, 0x140002168c0}, {0x10548b060, 0x1054f9eb0}, {0x140000599f8?, 0x3, 0x14000059a08?})
	/Users/hiroshiobata/dev/go-practice/todo_app/app/controllers/server.go:15 +0x1f0
testing/todo_app/app/controllers.Top({0x1054fcb90?, 0x140002168c0?}, 0x3b?)
	/Users/hiroshiobata/dev/go-practice/todo_app/app/controllers/route_main.go:8 +0x84
net/http.HandlerFunc.ServeHTTP(0x14000059ad8?, {0x1054fcb90?, 0x140002168c0?}, 0x10?)
	/usr/local/go/src/net/http/server.go:2122 +0x38
net/http.(*ServeMux).ServeHTTP(0x0?, {0x1054fcb90, 0x140002168c0}, 0x14000168600)
	/usr/local/go/src/net/http/server.go:2500 +0x13c
net/http.serverHandler.ServeHTTP({0x14000113b60?}, {0x1054fcb90, 0x140002168c0}, 0x14000168600)
	/usr/local/go/src/net/http/server.go:2936 +0x2c0
net/http.(*conn).serve(0x1400017c900, {0x1054fcde8, 0x14000113290})
	/usr/local/go/src/net/http/server.go:1995 +0x518
created by net/http.(*Server).Serve
	/usr/local/go/src/net/http/server.go:3089 +0x4e8
2023/05/13 21:49:59 server.go:3217: http: panic serving [::1]:62456: open app/views/templates/layout/html: no such file or directory
goroutine 48 [running]:
net/http.(*conn).serve.func1()
	/usr/local/go/src/net/http/server.go:1854 +0xb0
panic({0x1054aeb40, 0x14000286180})
	/usr/local/go/src/runtime/panic.go:890 +0x248
text/template.Must(...)
	/usr/local/go/src/text/template/helper.go:26
testing/todo_app/app/controllers.generateHTML({0x1054fcb90?, 0x140002981c0}, {0x10548b060, 0x1054f9eb0}, {0x140000599f8?, 0x3, 0x14000059a08?})
	/Users/hiroshiobata/dev/go-practice/todo_app/app/controllers/server.go:15 +0x1f0
testing/todo_app/app/controllers.Top({0x1054fcb90?, 0x140002981c0?}, 0x3b?)
	/Users/hiroshiobata/dev/go-practice/todo_app/app/controllers/route_main.go:8 +0x84
net/http.HandlerFunc.ServeHTTP(0x14000059ad8?, {0x1054fcb90?, 0x140002981c0?}, 0x10?)
	/usr/local/go/src/net/http/server.go:2122 +0x38
net/http.(*ServeMux).ServeHTTP(0x0?, {0x1054fcb90, 0x140002981c0}, 0x14000168700)
	/usr/local/go/src/net/http/server.go:2500 +0x13c
net/http.serverHandler.ServeHTTP({0x14000113ce0?}, {0x1054fcb90, 0x140002981c0}, 0x14000168700)
	/usr/local/go/src/net/http/server.go:2936 +0x2c0
net/http.(*conn).serve(0x1400017cab0, {0x1054fcde8, 0x14000113290})
	/usr/local/go/src/net/http/server.go:1995 +0x518
created by net/http.(*Server).Serve
	/usr/local/go/src/net/http/server.go:3089 +0x4e8
2023/05/13 21:49:59 server.go:3217: http: panic serving [::1]:62457: open app/views/templates/layout/html: no such file or directory
goroutine 52 [running]:
net/http.(*conn).serve.func1()
	/usr/local/go/src/net/http/server.go:1854 +0xb0
panic({0x1054aeb40, 0x1400018c180})
	/usr/local/go/src/runtime/panic.go:890 +0x248
text/template.Must(...)
	/usr/local/go/src/text/template/helper.go:26
testing/todo_app/app/controllers.generateHTML({0x1054fcb90?, 0x1400019c000}, {0x10548b060, 0x1054f9eb0}, {0x140000599f8?, 0x3, 0x14000059a08?})
	/Users/hiroshiobata/dev/go-practice/todo_app/app/controllers/server.go:15 +0x1f0
testing/todo_app/app/controllers.Top({0x1054fcb90?, 0x1400019c000?}, 0x3b?)
	/Users/hiroshiobata/dev/go-practice/todo_app/app/controllers/route_main.go:8 +0x84
net/http.HandlerFunc.ServeHTTP(0x14000059ad8?, {0x1054fcb90?, 0x1400019c000?}, 0x10?)
	/usr/local/go/src/net/http/server.go:2122 +0x38
net/http.(*ServeMux).ServeHTTP(0x0?, {0x1054fcb90, 0x1400019c000}, 0x140002d6000)
	/usr/local/go/src/net/http/server.go:2500 +0x13c
net/http.serverHandler.ServeHTTP({0x14000286240?}, {0x1054fcb90, 0x1400019c000}, 0x140002d6000)
	/usr/local/go/src/net/http/server.go:2936 +0x2c0
net/http.(*conn).serve(0x14000282240, {0x1054fcde8, 0x14000113290})
	/usr/local/go/src/net/http/server.go:1995 +0x518
created by net/http.(*Server).Serve
	/usr/local/go/src/net/http/server.go:3089 +0x4e8
2023/05/13 21:59:07 server.go:3217: http: panic serving [::1]:62465: open app/views/templates/layout/html: no such file or directory
goroutine 5 [running]:
net/http.(*conn).serve.func1()
	/usr/local/go/src/net/http/server.go:1854 +0xb0
panic({0x1054aeb40, 0x1400018c300})
	/usr/local/go/src/runtime/panic.go:890 +0x248
text/template.Must(...)
	/usr/local/go/src/text/template/helper.go:26
testing/todo_app/app/controllers.generateHTML({0x1054fcb90?, 0x1400019c1c0}, {0x10548b060, 0x1054f9eb0}, {0x140000599f8?, 0x3, 0x14000059a08?})
	/Users/hiroshiobata/dev/go-practice/todo_app/app/controllers/server.go:15 +0x1f0
testing/todo_app/app/controllers.Top({0x1054fcb90?, 0x1400019c1c0?}, 0x3b?)
	/Users/hiroshiobata/dev/go-practice/todo_app/app/controllers/route_main.go:8 +0x84
net/http.HandlerFunc.ServeHTTP(0x14000059ad8?, {0x1054fcb90?, 0x1400019c1c0?}, 0x10?)
	/usr/local/go/src/net/http/server.go:2122 +0x38
net/http.(*ServeMux).ServeHTTP(0x0?, {0x1054fcb90, 0x1400019c1c0}, 0x14000190100)
	/usr/local/go/src/net/http/server.go:2500 +0x13c
net/http.serverHandler.ServeHTTP({0x1400018c240?}, {0x1054fcb90, 0x1400019c1c0}, 0x14000190100)
	/usr/local/go/src/net/http/server.go:2936 +0x2c0
net/http.(*conn).serve(0x1400018e1b0, {0x1054fcde8, 0x14000113290})
	/usr/local/go/src/net/http/server.go:1995 +0x518
created by net/http.(*Server).Serve
	/usr/local/go/src/net/http/server.go:3089 +0x4e8
2023/05/13 21:59:07 server.go:3217: http: panic serving [::1]:62466: open app/views/templates/layout/html: no such file or directory
goroutine 7 [running]:
net/http.(*conn).serve.func1()
	/usr/local/go/src/net/http/server.go:1854 +0xb0
panic({0x1054aeb40, 0x1400018c480})
	/usr/local/go/src/runtime/panic.go:890 +0x248
text/template.Must(...)
	/usr/local/go/src/text/template/helper.go:26
testing/todo_app/app/controllers.generateHTML({0x1054fcb90?, 0x1400019c380}, {0x10548b060, 0x1054f9eb0}, {0x140000599f8?, 0x3, 0x14000059a08?})
	/Users/hiroshiobata/dev/go-practice/todo_app/app/controllers/server.go:15 +0x1f0
testing/todo_app/app/controllers.Top({0x1054fcb90?, 0x1400019c380?}, 0x3b?)
	/Users/hiroshiobata/dev/go-practice/todo_app/app/controllers/route_main.go:8 +0x84
net/http.HandlerFunc.ServeHTTP(0x14000059ad8?, {0x1054fcb90?, 0x1400019c380?}, 0x10?)
	/usr/local/go/src/net/http/server.go:2122 +0x38
net/http.(*ServeMux).ServeHTTP(0x0?, {0x1054fcb90, 0x1400019c380}, 0x14000190200)
	/usr/local/go/src/net/http/server.go:2500 +0x13c
net/http.serverHandler.ServeHTTP({0x1400018c3c0?}, {0x1054fcb90, 0x1400019c380}, 0x14000190200)
	/usr/local/go/src/net/http/server.go:2936 +0x2c0
net/http.(*conn).serve(0x1400018e360, {0x1054fcde8, 0x14000113290})
	/usr/local/go/src/net/http/server.go:1995 +0x518
created by net/http.(*Server).Serve
	/usr/local/go/src/net/http/server.go:3089 +0x4e8
2023/05/13 21:59:07 server.go:3217: http: panic serving [::1]:62467: open app/views/templates/layout/html: no such file or directory
goroutine 49 [running]:
net/http.(*conn).serve.func1()
	/usr/local/go/src/net/http/server.go:1854 +0xb0
panic({0x1054aeb40, 0x14000113e60})
	/usr/local/go/src/runtime/panic.go:890 +0x248
text/template.Must(...)
	/usr/local/go/src/text/template/helper.go:26
testing/todo_app/app/controllers.generateHTML({0x1054fcb90?, 0x14000216a80}, {0x10548b060, 0x1054f9eb0}, {0x140000559f8?, 0x3, 0x14000055a08?})
	/Users/hiroshiobata/dev/go-practice/todo_app/app/controllers/server.go:15 +0x1f0
testing/todo_app/app/controllers.Top({0x1054fcb90?, 0x14000216a80?}, 0x3b?)
	/Users/hiroshiobata/dev/go-practice/todo_app/app/controllers/route_main.go:8 +0x84
net/http.HandlerFunc.ServeHTTP(0x14000055ad8?, {0x1054fcb90?, 0x14000216a80?}, 0x10?)
	/usr/local/go/src/net/http/server.go:2122 +0x38
net/http.(*ServeMux).ServeHTTP(0x0?, {0x1054fcb90, 0x14000216a80}, 0x14000168800)
	/usr/local/go/src/net/http/server.go:2500 +0x13c
net/http.serverHandler.ServeHTTP({0x14000113da0?}, {0x1054fcb90, 0x14000216a80}, 0x14000168800)
	/usr/local/go/src/net/http/server.go:2936 +0x2c0
net/http.(*conn).serve(0x1400017cb40, {0x1054fcde8, 0x14000113290})
	/usr/local/go/src/net/http/server.go:1995 +0x518
created by net/http.(*Server).Serve
	/usr/local/go/src/net/http/server.go:3089 +0x4e8
2023/05/13 21:59:25 server.go:3217: http: panic serving [::1]:62468: open app/views/templates/layout/html: no such file or directory
goroutine 53 [running]:
net/http.(*conn).serve.func1()
	/usr/local/go/src/net/http/server.go:1854 +0xb0
panic({0x1054aeb40, 0x140002863f0})
	/usr/local/go/src/runtime/panic.go:890 +0x248
text/template.Must(...)
	/usr/local/go/src/text/template/helper.go:26
testing/todo_app/app/controllers.generateHTML({0x1054fcb90?, 0x14000298380}, {0x10548b060, 0x1054f9eb0}, {0x140000549f8?, 0x3, 0x14000054a08?})
	/Users/hiroshiobata/dev/go-practice/todo_app/app/controllers/server.go:15 +0x1f0
testing/todo_app/app/controllers.Top({0x1054fcb90?, 0x14000298380?}, 0x3b?)
	/Users/hiroshiobata/dev/go-practice/todo_app/app/controllers/route_main.go:8 +0x84
net/http.HandlerFunc.ServeHTTP(0x14000054ad8?, {0x1054fcb90?, 0x14000298380?}, 0x10?)
	/usr/local/go/src/net/http/server.go:2122 +0x38
net/http.(*ServeMux).ServeHTTP(0x0?, {0x1054fcb90, 0x14000298380}, 0x140002d6100)
	/usr/local/go/src/net/http/server.go:2500 +0x13c
net/http.serverHandler.ServeHTTP({0x14000286300?}, {0x1054fcb90, 0x14000298380}, 0x140002d6100)
	/usr/local/go/src/net/http/server.go:2936 +0x2c0
net/http.(*conn).serve(0x140002822d0, {0x1054fcde8, 0x14000113290})
	/usr/local/go/src/net/http/server.go:1995 +0x518
created by net/http.(*Server).Serve
	/usr/local/go/src/net/http/server.go:3089 +0x4e8
2023/05/13 21:59:25 server.go:3217: http: panic serving [::1]:62469: open app/views/templates/layout/html: no such file or directory
goroutine 9 [running]:
net/http.(*conn).serve.func1()
	/usr/local/go/src/net/http/server.go:1854 +0xb0
panic({0x1054aeb40, 0x140002864b0})
	/usr/local/go/src/runtime/panic.go:890 +0x248
text/template.Must(...)
	/usr/local/go/src/text/template/helper.go:26
testing/todo_app/app/controllers.generateHTML({0x1054fcb90?, 0x14000298540}, {0x10548b060, 0x1054f9eb0}, {0x140000599f8?, 0x3, 0x14000059a08?})
	/Users/hiroshiobata/dev/go-practice/todo_app/app/controllers/server.go:15 +0x1f0
testing/todo_app/app/controllers.Top({0x1054fcb90?, 0x14000298540?}, 0x3b?)
	/Users/hiroshiobata/dev/go-practice/todo_app/app/controllers/route_main.go:8 +0x84
net/http.HandlerFunc.ServeHTTP(0x14000059ad8?, {0x1054fcb90?, 0x14000298540?}, 0x10?)
	/usr/local/go/src/net/http/server.go:2122 +0x38
net/http.(*ServeMux).ServeHTTP(0x0?, {0x1054fcb90, 0x14000298540}, 0x14000190300)
	/usr/local/go/src/net/http/server.go:2500 +0x13c
net/http.serverHandler.ServeHTTP({0x1400018c540?}, {0x1054fcb90, 0x14000298540}, 0x14000190300)
	/usr/local/go/src/net/http/server.go:2936 +0x2c0
net/http.(*conn).serve(0x1400018e510, {0x1054fcde8, 0x14000113290})
	/usr/local/go/src/net/http/server.go:1995 +0x518
created by net/http.(*Server).Serve
	/usr/local/go/src/net/http/server.go:3089 +0x4e8
2023/05/13 21:59:25 server.go:3217: http: panic serving [::1]:62470: open app/views/templates/layout/html: no such file or directory
goroutine 56 [running]:
net/http.(*conn).serve.func1()
	/usr/local/go/src/net/http/server.go:1854 +0xb0
panic({0x1054aeb40, 0x1400018c600})
	/usr/local/go/src/runtime/panic.go:890 +0x248
text/template.Must(...)
	/usr/local/go/src/text/template/helper.go:26
testing/todo_app/app/controllers.generateHTML({0x1054fcb90?, 0x1400019c540}, {0x10548b060, 0x1054f9eb0}, {0x140000599f8?, 0x3, 0x14000059a08?})
	/Users/hiroshiobata/dev/go-practice/todo_app/app/controllers/server.go:15 +0x1f0
testing/todo_app/app/controllers.Top({0x1054fcb90?, 0x1400019c540?}, 0x3b?)
	/Users/hiroshiobata/dev/go-practice/todo_app/app/controllers/route_main.go:8 +0x84
net/http.HandlerFunc.ServeHTTP(0x14000059ad8?, {0x1054fcb90?, 0x1400019c540?}, 0x10?)
	/usr/local/go/src/net/http/server.go:2122 +0x38
net/http.(*ServeMux).ServeHTTP(0x0?, {0x1054fcb90, 0x1400019c540}, 0x140002d6200)
	/usr/local/go/src/net/http/server.go:2500 +0x13c
net/http.serverHandler.ServeHTTP({0x140002865d0?}, {0x1054fcb90, 0x1400019c540}, 0x140002d6200)
	/usr/local/go/src/net/http/server.go:2936 +0x2c0
net/http.(*conn).serve(0x140002825a0, {0x1054fcde8, 0x14000113290})
	/usr/local/go/src/net/http/server.go:1995 +0x518
created by net/http.(*Server).Serve
	/usr/local/go/src/net/http/server.go:3089 +0x4e8
2023/05/13 21:59:47 server.go:3217: http: panic serving [::1]:62497: open app/views/templates/layout/html: no such file or directory
goroutine 67 [running]:
net/http.(*conn).serve.func1()
	/usr/local/go/src/net/http/server.go:1854 +0xb0
panic({0x1054aeb40, 0x14000312000})
	/usr/local/go/src/runtime/panic.go:890 +0x248
text/template.Must(...)
	/usr/local/go/src/text/template/helper.go:26
testing/todo_app/app/controllers.generateHTML({0x1054fcb90?, 0x14000216c40}, {0x10548b060, 0x1054f9eb0}, {0x140000559f8?, 0x3, 0x14000055a08?})
	/Users/hiroshiobata/dev/go-practice/todo_app/app/controllers/server.go:15 +0x1f0
testing/todo_app/app/controllers.Top({0x1054fcb90?, 0x14000216c40?}, 0x3b?)
	/Users/hiroshiobata/dev/go-practice/todo_app/app/controllers/route_main.go:8 +0x84
net/http.HandlerFunc.ServeHTTP(0x14000055ad8?, {0x1054fcb90?, 0x14000216c40?}, 0x10?)
	/usr/local/go/src/net/http/server.go:2122 +0x38
net/http.(*ServeMux).ServeHTTP(0x0?, {0x1054fcb90, 0x14000216c40}, 0x14000168900)
	/usr/local/go/src/net/http/server.go:2500 +0x13c
net/http.serverHandler.ServeHTTP({0x14000113f20?}, {0x1054fcb90, 0x14000216c40}, 0x14000168900)
	/usr/local/go/src/net/http/server.go:2936 +0x2c0
net/http.(*conn).serve(0x1400017ccf0, {0x1054fcde8, 0x14000113290})
	/usr/local/go/src/net/http/server.go:1995 +0x518
created by net/http.(*Server).Serve
	/usr/local/go/src/net/http/server.go:3089 +0x4e8
2023/05/13 21:59:47 server.go:3217: http: panic serving [::1]:62498: open app/views/templates/layout/html: no such file or directory
goroutine 69 [running]:
net/http.(*conn).serve.func1()
	/usr/local/go/src/net/http/server.go:1854 +0xb0
panic({0x1054aeb40, 0x14000312180})
	/usr/local/go/src/runtime/panic.go:890 +0x248
text/template.Must(...)
	/usr/local/go/src/text/template/helper.go:26
testing/todo_app/app/controllers.generateHTML({0x1054fcb90?, 0x14000216e00}, {0x10548b060, 0x1054f9eb0}, {0x140000559f8?, 0x3, 0x14000055a08?})
	/Users/hiroshiobata/dev/go-practice/todo_app/app/controllers/server.go:15 +0x1f0
testing/todo_app/app/controllers.Top({0x1054fcb90?, 0x14000216e00?}, 0x3b?)
	/Users/hiroshiobata/dev/go-practice/todo_app/app/controllers/route_main.go:8 +0x84
net/http.HandlerFunc.ServeHTTP(0x14000055ad8?, {0x1054fcb90?, 0x14000216e00?}, 0x10?)
	/usr/local/go/src/net/http/server.go:2122 +0x38
net/http.(*ServeMux).ServeHTTP(0x0?, {0x1054fcb90, 0x14000216e00}, 0x14000168a00)
	/usr/local/go/src/net/http/server.go:2500 +0x13c
net/http.serverHandler.ServeHTTP({0x140003120c0?}, {0x1054fcb90, 0x14000216e00}, 0x14000168a00)
	/usr/local/go/src/net/http/server.go:2936 +0x2c0
net/http.(*conn).serve(0x1400017cea0, {0x1054fcde8, 0x14000113290})
	/usr/local/go/src/net/http/server.go:1995 +0x518
created by net/http.(*Server).Serve
	/usr/local/go/src/net/http/server.go:3089 +0x4e8
2023/05/13 21:59:47 server.go:3217: http: panic serving [::1]:62499: open app/views/templates/layout/html: no such file or directory
goroutine 11 [running]:
net/http.(*conn).serve.func1()
	/usr/local/go/src/net/http/server.go:1854 +0xb0
panic({0x1054aeb40, 0x14000312270})
	/usr/local/go/src/runtime/panic.go:890 +0x248
text/template.Must(...)
	/usr/local/go/src/text/template/helper.go:26
testing/todo_app/app/controllers.generateHTML({0x1054fcb90?, 0x14000216fc0}, {0x10548b060, 0x1054f9eb0}, {0x140000599f8?, 0x3, 0x14000059a08?})
	/Users/hiroshiobata/dev/go-practice/todo_app/app/controllers/server.go:15 +0x1f0
testing/todo_app/app/controllers.Top({0x1054fcb90?, 0x14000216fc0?}, 0x3b?)
	/Users/hiroshiobata/dev/go-practice/todo_app/app/controllers/route_main.go:8 +0x84
net/http.HandlerFunc.ServeHTTP(0x14000059ad8?, {0x1054fcb90?, 0x14000216fc0?}, 0x10?)
	/usr/local/go/src/net/http/server.go:2122 +0x38
net/http.(*ServeMux).ServeHTTP(0x0?, {0x1054fcb90, 0x14000216fc0}, 0x14000190400)
	/usr/local/go/src/net/http/server.go:2500 +0x13c
net/http.serverHandler.ServeHTTP({0x1400018c6c0?}, {0x1054fcb90, 0x14000216fc0}, 0x14000190400)
	/usr/local/go/src/net/http/server.go:2936 +0x2c0
net/http.(*conn).serve(0x1400018e6c0, {0x1054fcde8, 0x14000113290})
	/usr/local/go/src/net/http/server.go:1995 +0x518
created by net/http.(*Server).Serve
	/usr/local/go/src/net/http/server.go:3089 +0x4e8
2023/05/13 22:00:39 server.go:3217: http: panic serving [::1]:62528: open app/views/templates/layout/html: no such file or directory
goroutine 72 [running]:
net/http.(*conn).serve.func1()
	/usr/local/go/src/net/http/server.go:1854 +0xb0
panic({0x1054aeb40, 0x14000286690})
	/usr/local/go/src/runtime/panic.go:890 +0x248
text/template.Must(...)
	/usr/local/go/src/text/template/helper.go:26
testing/todo_app/app/controllers.generateHTML({0x1054fcb90?, 0x14000298700}, {0x10548b060, 0x1054f9eb0}, {0x140000599f8?, 0x3, 0x14000059a08?})
	/Users/hiroshiobata/dev/go-practice/todo_app/app/controllers/server.go:15 +0x1f0
testing/todo_app/app/controllers.Top({0x1054fcb90?, 0x14000298700?}, 0x3b?)
	/Users/hiroshiobata/dev/go-practice/todo_app/app/controllers/route_main.go:8 +0x84
net/http.HandlerFunc.ServeHTTP(0x14000059ad8?, {0x1054fcb90?, 0x14000298700?}, 0x10?)
	/usr/local/go/src/net/http/server.go:2122 +0x38
net/http.(*ServeMux).ServeHTTP(0x0?, {0x1054fcb90, 0x14000298700}, 0x14000168b00)
	/usr/local/go/src/net/http/server.go:2500 +0x13c
net/http.serverHandler.ServeHTTP({0x14000312390?}, {0x1054fcb90, 0x14000298700}, 0x14000168b00)
	/usr/local/go/src/net/http/server.go:2936 +0x2c0
net/http.(*conn).serve(0x1400017d170, {0x1054fcde8, 0x14000113290})
	/usr/local/go/src/net/http/server.go:1995 +0x518
created by net/http.(*Server).Serve
	/usr/local/go/src/net/http/server.go:3089 +0x4e8
2023/05/13 22:00:39 server.go:3217: http: panic serving [::1]:62529: open app/views/templates/layout/html: no such file or directory
goroutine 12 [running]:
net/http.(*conn).serve.func1()
	/usr/local/go/src/net/http/server.go:1854 +0xb0
panic({0x1054aeb40, 0x1400018c840})
	/usr/local/go/src/runtime/panic.go:890 +0x248
text/template.Must(...)
	/usr/local/go/src/text/template/helper.go:26
testing/todo_app/app/controllers.generateHTML({0x1054fcb90?, 0x1400019c700}, {0x10548b060, 0x1054f9eb0}, {0x1400005a9f8?, 0x3, 0x1400005aa08?})
	/Users/hiroshiobata/dev/go-practice/todo_app/app/controllers/server.go:15 +0x1f0
testing/todo_app/app/controllers.Top({0x1054fcb90?, 0x1400019c700?}, 0x3b?)
	/Users/hiroshiobata/dev/go-practice/todo_app/app/controllers/route_main.go:8 +0x84
net/http.HandlerFunc.ServeHTTP(0x1400005aad8?, {0x1054fcb90?, 0x1400019c700?}, 0x10?)
	/usr/local/go/src/net/http/server.go:2122 +0x38
net/http.(*ServeMux).ServeHTTP(0x0?, {0x1054fcb90, 0x1400019c700}, 0x14000190500)
	/usr/local/go/src/net/http/server.go:2500 +0x13c
net/http.serverHandler.ServeHTTP({0x1400018c780?}, {0x1054fcb90, 0x1400019c700}, 0x14000190500)
	/usr/local/go/src/net/http/server.go:2936 +0x2c0
net/http.(*conn).serve(0x1400018e750, {0x1054fcde8, 0x14000113290})
	/usr/local/go/src/net/http/server.go:1995 +0x518
created by net/http.(*Server).Serve
	/usr/local/go/src/net/http/server.go:3089 +0x4e8
2023/05/13 22:00:39 server.go:3217: http: panic serving [::1]:62530: open app/views/templates/layout/html: no such file or directory
goroutine 14 [running]:
net/http.(*conn).serve.func1()
	/usr/local/go/src/net/http/server.go:1854 +0xb0
panic({0x1054aeb40, 0x14000312450})
	/usr/local/go/src/runtime/panic.go:890 +0x248
text/template.Must(...)
	/usr/local/go/src/text/template/helper.go:26
testing/todo_app/app/controllers.generateHTML({0x1054fcb90?, 0x14000217180}, {0x10548b060, 0x1054f9eb0}, {0x1400005a9f8?, 0x3, 0x1400005aa08?})
	/Users/hiroshiobata/dev/go-practice/todo_app/app/controllers/server.go:15 +0x1f0
testing/todo_app/app/controllers.Top({0x1054fcb90?, 0x14000217180?}, 0x3b?)
	/Users/hiroshiobata/dev/go-practice/todo_app/app/controllers/route_main.go:8 +0x84
net/http.HandlerFunc.ServeHTTP(0x1400005aad8?, {0x1054fcb90?, 0x14000217180?}, 0x10?)
	/usr/local/go/src/net/http/server.go:2122 +0x38
net/http.(*ServeMux).ServeHTTP(0x0?, {0x1054fcb90, 0x14000217180}, 0x14000190600)
	/usr/local/go/src/net/http/server.go:2500 +0x13c
net/http.serverHandler.ServeHTTP({0x1400018c900?}, {0x1054fcb90, 0x14000217180}, 0x14000190600)
	/usr/local/go/src/net/http/server.go:2936 +0x2c0
net/http.(*conn).serve(0x1400018e900, {0x1054fcde8, 0x14000113290})
	/usr/local/go/src/net/http/server.go:1995 +0x518
created by net/http.(*Server).Serve
	/usr/local/go/src/net/http/server.go:3089 +0x4e8
2023/05/13 22:02:32 server.go:3217: http: panic serving [::1]:62542: open app/views/templates/layout/html: no such file or directory
goroutine 58 [running]:
net/http.(*conn).serve.func1()
	/usr/local/go/src/net/http/server.go:1854 +0xb0
panic({0x1054aeb40, 0x14000312510})
	/usr/local/go/src/runtime/panic.go:890 +0x248
text/template.Must(...)
	/usr/local/go/src/text/template/helper.go:26
testing/todo_app/app/controllers.generateHTML({0x1054fcb90?, 0x14000217340}, {0x10548b060, 0x1054f9eb0}, {0x140000599f8?, 0x3, 0x14000059a08?})
	/Users/hiroshiobata/dev/go-practice/todo_app/app/controllers/server.go:15 +0x1f0
testing/todo_app/app/controllers.Top({0x1054fcb90?, 0x14000217340?}, 0x3b?)
	/Users/hiroshiobata/dev/go-practice/todo_app/app/controllers/route_main.go:8 +0x84
net/http.HandlerFunc.ServeHTTP(0x14000059ad8?, {0x1054fcb90?, 0x14000217340?}, 0x10?)
	/usr/local/go/src/net/http/server.go:2122 +0x38
net/http.(*ServeMux).ServeHTTP(0x0?, {0x1054fcb90, 0x14000217340}, 0x140002d6300)
	/usr/local/go/src/net/http/server.go:2500 +0x13c
net/http.serverHandler.ServeHTTP({0x14000286750?}, {0x1054fcb90, 0x14000217340}, 0x140002d6300)
	/usr/local/go/src/net/http/server.go:2936 +0x2c0
net/http.(*conn).serve(0x14000282750, {0x1054fcde8, 0x14000113290})
	/usr/local/go/src/net/http/server.go:1995 +0x518
created by net/http.(*Server).Serve
	/usr/local/go/src/net/http/server.go:3089 +0x4e8
2023/05/13 22:02:32 server.go:3217: http: panic serving [::1]:62543: open app/views/templates/layout/html: no such file or directory
goroutine 75 [running]:
net/http.(*conn).serve.func1()
	/usr/local/go/src/net/http/server.go:1854 +0xb0
panic({0x1054aeb40, 0x14000312690})
	/usr/local/go/src/runtime/panic.go:890 +0x248
text/template.Must(...)
	/usr/local/go/src/text/template/helper.go:26
testing/todo_app/app/controllers.generateHTML({0x1054fcb90?, 0x14000217500}, {0x10548b060, 0x1054f9eb0}, {0x140000599f8?, 0x3, 0x14000059a08?})
	/Users/hiroshiobata/dev/go-practice/todo_app/app/controllers/server.go:15 +0x1f0
testing/todo_app/app/controllers.Top({0x1054fcb90?, 0x14000217500?}, 0x3b?)
	/Users/hiroshiobata/dev/go-practice/todo_app/app/controllers/route_main.go:8 +0x84
net/http.HandlerFunc.ServeHTTP(0x14000059ad8?, {0x1054fcb90?, 0x14000217500?}, 0x10?)
	/usr/local/go/src/net/http/server.go:2122 +0x38
net/http.(*ServeMux).ServeHTTP(0x0?, {0x1054fcb90, 0x14000217500}, 0x14000168c00)
	/usr/local/go/src/net/http/server.go:2500 +0x13c
net/http.serverHandler.ServeHTTP({0x140003125d0?}, {0x1054fcb90, 0x14000217500}, 0x14000168c00)
	/usr/local/go/src/net/http/server.go:2936 +0x2c0
net/http.(*conn).serve(0x1400017d440, {0x1054fcde8, 0x14000113290})
	/usr/local/go/src/net/http/server.go:1995 +0x518
created by net/http.(*Server).Serve
	/usr/local/go/src/net/http/server.go:3089 +0x4e8
2023/05/13 22:02:32 server.go:3217: http: panic serving [::1]:62544: open app/views/templates/layout/html: no such file or directory
goroutine 59 [running]:
net/http.(*conn).serve.func1()
	/usr/local/go/src/net/http/server.go:1854 +0xb0
panic({0x1054aeb40, 0x14000312750})
	/usr/local/go/src/runtime/panic.go:890 +0x248
text/template.Must(...)
	/usr/local/go/src/text/template/helper.go:26
testing/todo_app/app/controllers.generateHTML({0x1054fcb90?, 0x140002176c0}, {0x10548b060, 0x1054f9eb0}, {0x140000549f8?, 0x3, 0x14000054a08?})
	/Users/hiroshiobata/dev/go-practice/todo_app/app/controllers/server.go:15 +0x1f0
testing/todo_app/app/controllers.Top({0x1054fcb90?, 0x140002176c0?}, 0x3b?)
	/Users/hiroshiobata/dev/go-practice/todo_app/app/controllers/route_main.go:8 +0x84
net/http.HandlerFunc.ServeHTTP(0x14000054ad8?, {0x1054fcb90?, 0x140002176c0?}, 0x10?)
	/usr/local/go/src/net/http/server.go:2122 +0x38
net/http.(*ServeMux).ServeHTTP(0x0?, {0x1054fcb90, 0x140002176c0}, 0x140002d6400)
	/usr/local/go/src/net/http/server.go:2500 +0x13c
net/http.serverHandler.ServeHTTP({0x14000286810?}, {0x1054fcb90, 0x140002176c0}, 0x140002d6400)
	/usr/local/go/src/net/http/server.go:2936 +0x2c0
net/http.(*conn).serve(0x140002827e0, {0x1054fcde8, 0x14000113290})
	/usr/local/go/src/net/http/server.go:1995 +0x518
created by net/http.(*Server).Serve
	/usr/local/go/src/net/http/server.go:3089 +0x4e8
2023/05/13 22:03:34 server.go:3217: http: panic serving [::1]:62570: open app/views/templates/layout/html: no such file or directory
goroutine 15 [running]:
net/http.(*conn).serve.func1()
	/usr/local/go/src/net/http/server.go:1854 +0xb0
panic({0x1054aeb40, 0x14000312810})
	/usr/local/go/src/runtime/panic.go:890 +0x248
text/template.Must(...)
	/usr/local/go/src/text/template/helper.go:26
testing/todo_app/app/controllers.generateHTML({0x1054fcb90?, 0x14000217880}, {0x10548b060, 0x1054f9eb0}, {0x1400005b9f8?, 0x3, 0x1400005ba08?})
	/Users/hiroshiobata/dev/go-practice/todo_app/app/controllers/server.go:15 +0x1f0
testing/todo_app/app/controllers.Top({0x1054fcb90?, 0x14000217880?}, 0x3b?)
	/Users/hiroshiobata/dev/go-practice/todo_app/app/controllers/route_main.go:8 +0x84
net/http.HandlerFunc.ServeHTTP(0x1400005bad8?, {0x1054fcb90?, 0x14000217880?}, 0x10?)
	/usr/local/go/src/net/http/server.go:2122 +0x38
net/http.(*ServeMux).ServeHTTP(0x0?, {0x1054fcb90, 0x14000217880}, 0x14000190700)
	/usr/local/go/src/net/http/server.go:2500 +0x13c
net/http.serverHandler.ServeHTTP({0x1400018c9c0?}, {0x1054fcb90, 0x14000217880}, 0x14000190700)
	/usr/local/go/src/net/http/server.go:2936 +0x2c0
net/http.(*conn).serve(0x1400018e990, {0x1054fcde8, 0x14000113290})
	/usr/local/go/src/net/http/server.go:1995 +0x518
created by net/http.(*Server).Serve
	/usr/local/go/src/net/http/server.go:3089 +0x4e8
2023/05/13 22:03:34 server.go:3217: http: panic serving [::1]:62571: open app/views/templates/layout/html: no such file or directory
goroutine 79 [running]:
net/http.(*conn).serve.func1()
	/usr/local/go/src/net/http/server.go:1854 +0xb0
panic({0x1054aeb40, 0x140002868d0})
	/usr/local/go/src/runtime/panic.go:890 +0x248
text/template.Must(...)
	/usr/local/go/src/text/template/helper.go:26
testing/todo_app/app/controllers.generateHTML({0x1054fcb90?, 0x140002988c0}, {0x10548b060, 0x1054f9eb0}, {0x1400005b9f8?, 0x3, 0x1400005ba08?})
	/Users/hiroshiobata/dev/go-practice/todo_app/app/controllers/server.go:15 +0x1f0
testing/todo_app/app/controllers.Top({0x1054fcb90?, 0x140002988c0?}, 0x3b?)
	/Users/hiroshiobata/dev/go-practice/todo_app/app/controllers/route_main.go:8 +0x84
net/http.HandlerFunc.ServeHTTP(0x1400005bad8?, {0x1054fcb90?, 0x140002988c0?}, 0x10?)
	/usr/local/go/src/net/http/server.go:2122 +0x38
net/http.(*ServeMux).ServeHTTP(0x0?, {0x1054fcb90, 0x140002988c0}, 0x14000168d00)
	/usr/local/go/src/net/http/server.go:2500 +0x13c
net/http.serverHandler.ServeHTTP({0x140003128d0?}, {0x1054fcb90, 0x140002988c0}, 0x14000168d00)
	/usr/local/go/src/net/http/server.go:2936 +0x2c0
net/http.(*conn).serve(0x1400017d830, {0x1054fcde8, 0x14000113290})
	/usr/local/go/src/net/http/server.go:1995 +0x518
created by net/http.(*Server).Serve
	/usr/local/go/src/net/http/server.go:3089 +0x4e8
2023/05/13 22:03:34 server.go:3217: http: panic serving [::1]:62572: open app/views/templates/layout/html: no such file or directory
goroutine 61 [running]:
net/http.(*conn).serve.func1()
	/usr/local/go/src/net/http/server.go:1854 +0xb0
panic({0x1054aeb40, 0x14000286a50})
	/usr/local/go/src/runtime/panic.go:890 +0x248
text/template.Must(...)
	/usr/local/go/src/text/template/helper.go:26
testing/todo_app/app/controllers.generateHTML({0x1054fcb90?, 0x14000298a80}, {0x10548b060, 0x1054f9eb0}, {0x1400005b9f8?, 0x3, 0x1400005ba08?})
	/Users/hiroshiobata/dev/go-practice/todo_app/app/controllers/server.go:15 +0x1f0
testing/todo_app/app/controllers.Top({0x1054fcb90?, 0x14000298a80?}, 0x3b?)
	/Users/hiroshiobata/dev/go-practice/todo_app/app/controllers/route_main.go:8 +0x84
net/http.HandlerFunc.ServeHTTP(0x1400005bad8?, {0x1054fcb90?, 0x14000298a80?}, 0x10?)
	/usr/local/go/src/net/http/server.go:2122 +0x38
net/http.(*ServeMux).ServeHTTP(0x0?, {0x1054fcb90, 0x14000298a80}, 0x140002d6500)
	/usr/local/go/src/net/http/server.go:2500 +0x13c
net/http.serverHandler.ServeHTTP({0x14000286990?}, {0x1054fcb90, 0x14000298a80}, 0x140002d6500)
	/usr/local/go/src/net/http/server.go:2936 +0x2c0
net/http.(*conn).serve(0x14000282990, {0x1054fcde8, 0x14000113290})
	/usr/local/go/src/net/http/server.go:1995 +0x518
created by net/http.(*Server).Serve
	/usr/local/go/src/net/http/server.go:3089 +0x4e8
2023/05/13 22:07:17 server.go:3217: http: panic serving [::1]:62789: open app/views/templates/layout/html: no such file or directory
goroutine 80 [running]:
net/http.(*conn).serve.func1()
	/usr/local/go/src/net/http/server.go:1854 +0xb0
panic({0x1054aeb40, 0x14000312a50})
	/usr/local/go/src/runtime/panic.go:890 +0x248
text/template.Must(...)
	/usr/local/go/src/text/template/helper.go:26
testing/todo_app/app/controllers.generateHTML({0x1054fcb90?, 0x14000217a40}, {0x10548b060, 0x1054f9eb0}, {0x140000549f8?, 0x3, 0x14000054a08?})
	/Users/hiroshiobata/dev/go-practice/todo_app/app/controllers/server.go:15 +0x1f0
testing/todo_app/app/controllers.Top({0x1054fcb90?, 0x14000217a40?}, 0x3b?)
	/Users/hiroshiobata/dev/go-practice/todo_app/app/controllers/route_main.go:8 +0x84
net/http.HandlerFunc.ServeHTTP(0x14000054ad8?, {0x1054fcb90?, 0x14000217a40?}, 0x10?)
	/usr/local/go/src/net/http/server.go:2122 +0x38
net/http.(*ServeMux).ServeHTTP(0x0?, {0x1054fcb90, 0x14000217a40}, 0x14000168e00)
	/usr/local/go/src/net/http/server.go:2500 +0x13c
net/http.serverHandler.ServeHTTP({0x14000312990?}, {0x1054fcb90, 0x14000217a40}, 0x14000168e00)
	/usr/local/go/src/net/http/server.go:2936 +0x2c0
net/http.(*conn).serve(0x1400017d8c0, {0x1054fcde8, 0x14000113290})
	/usr/local/go/src/net/http/server.go:1995 +0x518
created by net/http.(*Server).Serve
	/usr/local/go/src/net/http/server.go:3089 +0x4e8
2023/05/13 22:07:17 server.go:3217: http: panic serving [::1]:62790: open app/views/templates/layout/html: no such file or directory
goroutine 82 [running]:
net/http.(*conn).serve.func1()
	/usr/local/go/src/net/http/server.go:1854 +0xb0
panic({0x1054aeb40, 0x1400018ca80})
	/usr/local/go/src/runtime/panic.go:890 +0x248
text/template.Must(...)
	/usr/local/go/src/text/template/helper.go:26
testing/todo_app/app/controllers.generateHTML({0x1054fcb90?, 0x1400019c8c0}, {0x10548b060, 0x1054f9eb0}, {0x140000549f8?, 0x3, 0x14000054a08?})
	/Users/hiroshiobata/dev/go-practice/todo_app/app/controllers/server.go:15 +0x1f0
testing/todo_app/app/controllers.Top({0x1054fcb90?, 0x1400019c8c0?}, 0x3b?)
	/Users/hiroshiobata/dev/go-practice/todo_app/app/controllers/route_main.go:8 +0x84
net/http.HandlerFunc.ServeHTTP(0x14000054ad8?, {0x1054fcb90?, 0x1400019c8c0?}, 0x10?)
	/usr/local/go/src/net/http/server.go:2122 +0x38
net/http.(*ServeMux).ServeHTTP(0x0?, {0x1054fcb90, 0x1400019c8c0}, 0x14000168f00)
	/usr/local/go/src/net/http/server.go:2500 +0x13c
net/http.serverHandler.ServeHTTP({0x14000312b10?}, {0x1054fcb90, 0x1400019c8c0}, 0x14000168f00)
	/usr/local/go/src/net/http/server.go:2936 +0x2c0
net/http.(*conn).serve(0x1400017da70, {0x1054fcde8, 0x14000113290})
	/usr/local/go/src/net/http/server.go:1995 +0x518
created by net/http.(*Server).Serve
	/usr/local/go/src/net/http/server.go:3089 +0x4e8
2023/05/13 22:07:17 server.go:3217: http: panic serving [::1]:62791: open app/views/templates/layout/html: no such file or directory
goroutine 63 [running]:
net/http.(*conn).serve.func1()
	/usr/local/go/src/net/http/server.go:1854 +0xb0
panic({0x1054aeb40, 0x14000286bd0})
	/usr/local/go/src/runtime/panic.go:890 +0x248
text/template.Must(...)
	/usr/local/go/src/text/template/helper.go:26
testing/todo_app/app/controllers.generateHTML({0x1054fcb90?, 0x14000298c40}, {0x10548b060, 0x1054f9eb0}, {0x1400005b9f8?, 0x3, 0x1400005ba08?})
	/Users/hiroshiobata/dev/go-practice/todo_app/app/controllers/server.go:15 +0x1f0
testing/todo_app/app/controllers.Top({0x1054fcb90?, 0x14000298c40?}, 0x3b?)
	/Users/hiroshiobata/dev/go-practice/todo_app/app/controllers/route_main.go:8 +0x84
net/http.HandlerFunc.ServeHTTP(0x1400005bad8?, {0x1054fcb90?, 0x14000298c40?}, 0x10?)
	/usr/local/go/src/net/http/server.go:2122 +0x38
net/http.(*ServeMux).ServeHTTP(0x0?, {0x1054fcb90, 0x14000298c40}, 0x140002d6600)
	/usr/local/go/src/net/http/server.go:2500 +0x13c
net/http.serverHandler.ServeHTTP({0x14000286b10?}, {0x1054fcb90, 0x14000298c40}, 0x140002d6600)
	/usr/local/go/src/net/http/server.go:2936 +0x2c0
net/http.(*conn).serve(0x14000282b40, {0x1054fcde8, 0x14000113290})
	/usr/local/go/src/net/http/server.go:1995 +0x518
created by net/http.(*Server).Serve
	/usr/local/go/src/net/http/server.go:3089 +0x4e8
2023/05/13 22:13:49 server.go:3217: http: panic serving [::1]:62871: open app/views/templates/layout/html: no such file or directory
goroutine 65 [running]:
net/http.(*conn).serve.func1()
	/usr/local/go/src/net/http/server.go:1854 +0xb0
panic({0x1054aeb40, 0x14000286d50})
	/usr/local/go/src/runtime/panic.go:890 +0x248
text/template.Must(...)
	/usr/local/go/src/text/template/helper.go:26
testing/todo_app/app/controllers.generateHTML({0x1054fcb90?, 0x14000298e00}, {0x10548b060, 0x1054f9eb0}, {0x1400005b9f8?, 0x3, 0x1400005ba08?})
	/Users/hiroshiobata/dev/go-practice/todo_app/app/controllers/server.go:15 +0x1f0
testing/todo_app/app/controllers.Top({0x1054fcb90?, 0x14000298e00?}, 0x3b?)
	/Users/hiroshiobata/dev/go-practice/todo_app/app/controllers/route_main.go:8 +0x84
net/http.HandlerFunc.ServeHTTP(0x1400005bad8?, {0x1054fcb90?, 0x14000298e00?}, 0x10?)
	/usr/local/go/src/net/http/server.go:2122 +0x38
net/http.(*ServeMux).ServeHTTP(0x0?, {0x1054fcb90, 0x14000298e00}, 0x140002d6700)
	/usr/local/go/src/net/http/server.go:2500 +0x13c
net/http.serverHandler.ServeHTTP({0x14000286c90?}, {0x1054fcb90, 0x14000298e00}, 0x140002d6700)
	/usr/local/go/src/net/http/server.go:2936 +0x2c0
net/http.(*conn).serve(0x14000282cf0, {0x1054fcde8, 0x14000113290})
	/usr/local/go/src/net/http/server.go:1995 +0x518
created by net/http.(*Server).Serve
	/usr/local/go/src/net/http/server.go:3089 +0x4e8
2023/05/13 22:13:49 server.go:3217: http: panic serving [::1]:62872: open app/views/templates/layout/html: no such file or directory
goroutine 99 [running]:
net/http.(*conn).serve.func1()
	/usr/local/go/src/net/http/server.go:1854 +0xb0
panic({0x1054aeb40, 0x14000286ed0})
	/usr/local/go/src/runtime/panic.go:890 +0x248
text/template.Must(...)
	/usr/local/go/src/text/template/helper.go:26
testing/todo_app/app/controllers.generateHTML({0x1054fcb90?, 0x14000298fc0}, {0x10548b060, 0x1054f9eb0}, {0x1400005b9f8?, 0x3, 0x1400005ba08?})
	/Users/hiroshiobata/dev/go-practice/todo_app/app/controllers/server.go:15 +0x1f0
testing/todo_app/app/controllers.Top({0x1054fcb90?, 0x14000298fc0?}, 0x3b?)
	/Users/hiroshiobata/dev/go-practice/todo_app/app/controllers/route_main.go:8 +0x84
net/http.HandlerFunc.ServeHTTP(0x1400005bad8?, {0x1054fcb90?, 0x14000298fc0?}, 0x10?)
	/usr/local/go/src/net/http/server.go:2122 +0x38
net/http.(*ServeMux).ServeHTTP(0x0?, {0x1054fcb90, 0x14000298fc0}, 0x140002d6800)
	/usr/local/go/src/net/http/server.go:2500 +0x13c
net/http.serverHandler.ServeHTTP({0x14000286e10?}, {0x1054fcb90, 0x14000298fc0}, 0x140002d6800)
	/usr/local/go/src/net/http/server.go:2936 +0x2c0
net/http.(*conn).serve(0x14000282ea0, {0x1054fcde8, 0x14000113290})
	/usr/local/go/src/net/http/server.go:1995 +0x518
created by net/http.(*Server).Serve
	/usr/local/go/src/net/http/server.go:3089 +0x4e8
2023/05/13 22:13:49 server.go:3217: http: panic serving [::1]:62873: open app/views/templates/layout/html: no such file or directory
goroutine 101 [running]:
net/http.(*conn).serve.func1()
	/usr/local/go/src/net/http/server.go:1854 +0xb0
panic({0x1054aeb40, 0x14000312bd0})
	/usr/local/go/src/runtime/panic.go:890 +0x248
text/template.Must(...)
	/usr/local/go/src/text/template/helper.go:26
testing/todo_app/app/controllers.generateHTML({0x1054fcb90?, 0x14000217c00}, {0x10548b060, 0x1054f9eb0}, {0x1400005b9f8?, 0x3, 0x1400005ba08?})
	/Users/hiroshiobata/dev/go-practice/todo_app/app/controllers/server.go:15 +0x1f0
testing/todo_app/app/controllers.Top({0x1054fcb90?, 0x14000217c00?}, 0x3b?)
	/Users/hiroshiobata/dev/go-practice/todo_app/app/controllers/route_main.go:8 +0x84
net/http.HandlerFunc.ServeHTTP(0x1400005bad8?, {0x1054fcb90?, 0x14000217c00?}, 0x10?)
	/usr/local/go/src/net/http/server.go:2122 +0x38
net/http.(*ServeMux).ServeHTTP(0x0?, {0x1054fcb90, 0x14000217c00}, 0x140002d6900)
	/usr/local/go/src/net/http/server.go:2500 +0x13c
net/http.serverHandler.ServeHTTP({0x14000286f90?}, {0x1054fcb90, 0x14000217c00}, 0x140002d6900)
	/usr/local/go/src/net/http/server.go:2936 +0x2c0
net/http.(*conn).serve(0x14000283050, {0x1054fcde8, 0x14000113290})
	/usr/local/go/src/net/http/server.go:1995 +0x518
created by net/http.(*Server).Serve
	/usr/local/go/src/net/http/server.go:3089 +0x4e8
2023/05/13 22:15:14 server.go:3217: http: panic serving [::1]:62882: open app/views/templates/layout/html: no such file or directory
goroutine 84 [running]:
net/http.(*conn).serve.func1()
	/usr/local/go/src/net/http/server.go:1854 +0xb0
panic({0x1054aeb40, 0x14000312d50})
	/usr/local/go/src/runtime/panic.go:890 +0x248
text/template.Must(...)
	/usr/local/go/src/text/template/helper.go:26
testing/todo_app/app/controllers.generateHTML({0x1054fcb90?, 0x14000217dc0}, {0x10548b060, 0x1054f9eb0}, {0x1400005b9f8?, 0x3, 0x1400005ba08?})
	/Users/hiroshiobata/dev/go-practice/todo_app/app/controllers/server.go:15 +0x1f0
testing/todo_app/app/controllers.Top({0x1054fcb90?, 0x14000217dc0?}, 0x3b?)
	/Users/hiroshiobata/dev/go-practice/todo_app/app/controllers/route_main.go:8 +0x84
net/http.HandlerFunc.ServeHTTP(0x1400005bad8?, {0x1054fcb90?, 0x14000217dc0?}, 0x10?)
	/usr/local/go/src/net/http/server.go:2122 +0x38
net/http.(*ServeMux).ServeHTTP(0x0?, {0x1054fcb90, 0x14000217dc0}, 0x14000169000)
	/usr/local/go/src/net/http/server.go:2500 +0x13c
net/http.serverHandler.ServeHTTP({0x14000312c90?}, {0x1054fcb90, 0x14000217dc0}, 0x14000169000)
	/usr/local/go/src/net/http/server.go:2936 +0x2c0
net/http.(*conn).serve(0x1400017dc20, {0x1054fcde8, 0x14000113290})
	/usr/local/go/src/net/http/server.go:1995 +0x518
created by net/http.(*Server).Serve
	/usr/local/go/src/net/http/server.go:3089 +0x4e8
2023/05/13 22:15:14 server.go:3217: http: panic serving [::1]:62883: open app/views/templates/layout/html: no such file or directory
goroutine 102 [running]:
net/http.(*conn).serve.func1()
	/usr/local/go/src/net/http/server.go:1854 +0xb0
panic({0x1054aeb40, 0x14000312e10})
	/usr/local/go/src/runtime/panic.go:890 +0x248
text/template.Must(...)
	/usr/local/go/src/text/template/helper.go:26
testing/todo_app/app/controllers.generateHTML({0x1054fcb90?, 0x14000448000}, {0x10548b060, 0x1054f9eb0}, {0x140004849f8?, 0x3, 0x14000484a08?})
	/Users/hiroshiobata/dev/go-practice/todo_app/app/controllers/server.go:15 +0x1f0
testing/todo_app/app/controllers.Top({0x1054fcb90?, 0x14000448000?}, 0x3b?)
	/Users/hiroshiobata/dev/go-practice/todo_app/app/controllers/route_main.go:8 +0x84
net/http.HandlerFunc.ServeHTTP(0x14000484ad8?, {0x1054fcb90?, 0x14000448000?}, 0x10?)
	/usr/local/go/src/net/http/server.go:2122 +0x38
net/http.(*ServeMux).ServeHTTP(0x0?, {0x1054fcb90, 0x14000448000}, 0x140002d6a00)
	/usr/local/go/src/net/http/server.go:2500 +0x13c
net/http.serverHandler.ServeHTTP({0x14000287050?}, {0x1054fcb90, 0x14000448000}, 0x140002d6a00)
	/usr/local/go/src/net/http/server.go:2936 +0x2c0
net/http.(*conn).serve(0x140002830e0, {0x1054fcde8, 0x14000113290})
	/usr/local/go/src/net/http/server.go:1995 +0x518
created by net/http.(*Server).Serve
	/usr/local/go/src/net/http/server.go:3089 +0x4e8
2023/05/13 22:15:14 server.go:3217: http: panic serving [::1]:62884: open app/views/templates/layout/html: no such file or directory
goroutine 114 [running]:
net/http.(*conn).serve.func1()
	/usr/local/go/src/net/http/server.go:1854 +0xb0
panic({0x1054aeb40, 0x1400018cc00})
	/usr/local/go/src/runtime/panic.go:890 +0x248
text/template.Must(...)
	/usr/local/go/src/text/template/helper.go:26
testing/todo_app/app/controllers.generateHTML({0x1054fcb90?, 0x1400019ca80}, {0x10548b060, 0x1054f9eb0}, {0x140000549f8?, 0x3, 0x14000054a08?})
	/Users/hiroshiobata/dev/go-practice/todo_app/app/controllers/server.go:15 +0x1f0
testing/todo_app/app/controllers.Top({0x1054fcb90?, 0x1400019ca80?}, 0x3b?)
	/Users/hiroshiobata/dev/go-practice/todo_app/app/controllers/route_main.go:8 +0x84
net/http.HandlerFunc.ServeHTTP(0x14000054ad8?, {0x1054fcb90?, 0x1400019ca80?}, 0x10?)
	/usr/local/go/src/net/http/server.go:2122 +0x38
net/http.(*ServeMux).ServeHTTP(0x0?, {0x1054fcb90, 0x1400019ca80}, 0x14000190800)
	/usr/local/go/src/net/http/server.go:2500 +0x13c
net/http.serverHandler.ServeHTTP({0x1400018cb40?}, {0x1054fcb90, 0x1400019ca80}, 0x14000190800)
	/usr/local/go/src/net/http/server.go:2936 +0x2c0
net/http.(*conn).serve(0x1400018eb40, {0x1054fcde8, 0x14000113290})
	/usr/local/go/src/net/http/server.go:1995 +0x518
created by net/http.(*Server).Serve
	/usr/local/go/src/net/http/server.go:3089 +0x4e8
